<?xml version="1.0" encoding="UTF-8"?>
<testsuite name="com.example.springboot.ProductsAPITest" tests="6" skipped="0" failures="0" errors="0" timestamp="2025-04-06T09:38:07.836Z" hostname="192.168.1.4" time="0.786">
  <properties/>
  <testcase name="testCreateProduct200()" classname="com.example.springboot.ProductsAPITest" time="0.635"/>
  <testcase name="testCreateProduct400()" classname="com.example.springboot.ProductsAPITest" time="0.024"/>
  <testcase name="testGetProduct200()" classname="com.example.springboot.ProductsAPITest" time="0.022"/>
  <testcase name="testGetProduct400()" classname="com.example.springboot.ProductsAPITest" time="0.014"/>
  <testcase name="testGetProduct404()" classname="com.example.springboot.ProductsAPITest" time="0.008"/>
  <testcase name="testListProducts()" classname="com.example.springboot.ProductsAPITest" time="0.043"/>
  <system-out><![CDATA[12:38:06.033 [Test worker] INFO org.springframework.test.context.support.AnnotationConfigContextLoaderUtils -- Could not detect default configuration classes for test class [com.example.springboot.ProductsAPITest]: ProductsAPITest does not declare any static, non-private, non-final, nested classes annotated with @Configuration.
12:38:06.085 [Test worker] INFO org.springframework.boot.test.context.SpringBootTestContextBootstrapper -- Found @SpringBootConfiguration com.example.springboot.Application for test class com.example.springboot.ProductsAPITest

  .   ____          _            __ _ _
 /\\ / ___'_ __ _ _(_)_ __  __ _ \ \ \ \
( ( )\___ | '_ | '_| | '_ \/ _` | \ \ \ \
 \\/  ___)| |_)| | | | | || (_| |  ) ) ) )
  '  |____| .__|_| |_|_| |_\__, | / / / /
 =========|_|==============|___/=/_/_/_/

 :: Spring Boot ::                (v3.4.3)

2025-04-06T12:38:06.410+03:00  INFO 63042 --- [    Test worker] com.example.springboot.ProductsAPITest   : Starting ProductsAPITest using Java 23.0.2 with PID 63042 (started by vanonatobaidze in /Users/vanonatobaidze/projects/pactflow/pactflow-provider)
2025-04-06T12:38:06.410+03:00 DEBUG 63042 --- [    Test worker] com.example.springboot.ProductsAPITest   : Running with Spring Boot v3.4.3, Spring v6.2.3
2025-04-06T12:38:06.411+03:00  INFO 63042 --- [    Test worker] com.example.springboot.ProductsAPITest   : No active profile set, falling back to 1 default profile: "default"
2025-04-06T12:38:06.411+03:00 DEBUG 63042 --- [    Test worker] o.s.boot.SpringApplication               : Loading source class com.example.springboot.Application
2025-04-06T12:38:06.474+03:00 DEBUG 63042 --- [    Test worker] ConfigServletWebServerApplicationContext : Refreshing org.springframework.boot.web.servlet.context.AnnotationConfigServletWebServerApplicationContext@104dc1a2
2025-04-06T12:38:06.479+03:00 DEBUG 63042 --- [    Test worker] o.s.b.f.s.DefaultListableBeanFactory     : Creating shared instance of singleton bean 'org.springframework.context.annotation.internalConfigurationAnnotationProcessor'
2025-04-06T12:38:06.483+03:00 DEBUG 63042 --- [    Test worker] o.s.b.f.s.DefaultListableBeanFactory     : Creating shared instance of singleton bean 'org.springframework.boot.autoconfigure.internalCachingMetadataReaderFactory'
2025-04-06T12:38:06.492+03:00 DEBUG 63042 --- [    Test worker] o.s.c.a.ClassPathBeanDefinitionScanner   : Identified candidate component class: file [/Users/vanonatobaidze/projects/pactflow/pactflow-provider/build/classes/java/main/com/example/springboot/LoadDatabase.class]
2025-04-06T12:38:06.492+03:00 DEBUG 63042 --- [    Test worker] o.s.c.a.ClassPathBeanDefinitionScanner   : Identified candidate component class: file [/Users/vanonatobaidze/projects/pactflow/pactflow-provider/build/classes/java/main/com/example/springboot/ProductController.class]
2025-04-06T12:38:06.649+03:00  INFO 63042 --- [    Test worker] .s.d.r.c.RepositoryConfigurationDelegate : Bootstrapping Spring Data JPA repositories in DEFAULT mode.
2025-04-06T12:38:06.652+03:00 DEBUG 63042 --- [    Test worker] o.s.b.f.s.DefaultListableBeanFactory     : Creating shared instance of singleton bean 'org.springframework.boot.autoconfigure.AutoConfigurationPackages'
2025-04-06T12:38:06.655+03:00 DEBUG 63042 --- [    Test worker] o.s.b.a.AutoConfigurationPackages        : @EnableAutoConfiguration was declared on a class in the package 'com.example.springboot'. Automatic @Repository and @Entity scanning is enabled.
2025-04-06T12:38:06.655+03:00 DEBUG 63042 --- [    Test worker] .s.d.r.c.RepositoryConfigurationDelegate : Scanning for JPA repositories in packages com.example.springboot.
2025-04-06T12:38:06.658+03:00 DEBUG 63042 --- [    Test worker] o.s.d.r.c.RepositoryComponentProvider    : Identified candidate component class: file [/Users/vanonatobaidze/projects/pactflow/pactflow-provider/build/classes/java/main/com/example/springboot/ProductRepository.class]
2025-04-06T12:38:06.668+03:00  INFO 63042 --- [    Test worker] .s.d.r.c.RepositoryConfigurationDelegate : Finished Spring Data repository scanning in 12 ms. Found 1 JPA repository interface.
2025-04-06T12:38:06.699+03:00 DEBUG 63042 --- [    Test worker] o.s.b.f.s.DefaultListableBeanFactory     : Creating shared instance of singleton bean 'org.springframework.boot.test.web.client.TestRestTemplateContextCustomizer$TestRestTemplateRegistrar'
2025-04-06T12:38:06.725+03:00 DEBUG 63042 --- [    Test worker] o.s.b.f.s.DefaultListableBeanFactory     : Creating shared instance of singleton bean 'propertySourcesPlaceholderConfigurer'
2025-04-06T12:38:06.727+03:00 DEBUG 63042 --- [    Test worker] o.s.b.f.s.DefaultListableBeanFactory     : Creating shared instance of singleton bean 'org.springframework.boot.test.mock.mockito.MockitoPostProcessor'
2025-04-06T12:38:06.727+03:00 DEBUG 63042 --- [    Test worker] o.s.b.f.s.DefaultListableBeanFactory     : Creating shared instance of singleton bean 'emBeanDefinitionRegistrarPostProcessor'
2025-04-06T12:38:06.728+03:00 DEBUG 63042 --- [    Test worker] o.s.b.f.s.DefaultListableBeanFactory     : Creating shared instance of singleton bean 'org.springframework.boot.sql.init.dependency.DatabaseInitializationDependencyConfigurer$DependsOnDatabaseInitializationPostProcessor'
2025-04-06T12:38:06.741+03:00 DEBUG 63042 --- [    Test worker] o.s.b.f.s.DefaultListableBeanFactory     : Creating shared instance of singleton bean 'org.springframework.context.event.internalEventListenerProcessor'
2025-04-06T12:38:06.742+03:00 DEBUG 63042 --- [    Test worker] o.s.b.f.s.DefaultListableBeanFactory     : Creating shared instance of singleton bean 'preserveErrorControllerTargetClassPostProcessor'
2025-04-06T12:38:06.742+03:00 DEBUG 63042 --- [    Test worker] o.s.b.f.s.DefaultListableBeanFactory     : Creating shared instance of singleton bean 'org.springframework.context.event.internalEventListenerFactory'
2025-04-06T12:38:06.742+03:00 DEBUG 63042 --- [    Test worker] o.s.b.f.s.DefaultListableBeanFactory     : Creating shared instance of singleton bean 'org.springframework.transaction.config.internalTransactionalEventListenerFactory'
2025-04-06T12:38:06.744+03:00 DEBUG 63042 --- [    Test worker] o.s.b.f.s.DefaultListableBeanFactory     : Creating shared instance of singleton bean 'org.springframework.context.annotation.internalAutowiredAnnotationProcessor'
2025-04-06T12:38:06.744+03:00 DEBUG 63042 --- [    Test worker] o.s.b.f.s.DefaultListableBeanFactory     : Creating shared instance of singleton bean 'org.springframework.context.annotation.internalCommonAnnotationProcessor'
2025-04-06T12:38:06.745+03:00 DEBUG 63042 --- [    Test worker] o.s.b.f.s.DefaultListableBeanFactory     : Creating shared instance of singleton bean 'org.springframework.context.annotation.internalPersistenceAnnotationProcessor'
2025-04-06T12:38:06.745+03:00 DEBUG 63042 --- [    Test worker] o.s.b.f.s.DefaultListableBeanFactory     : Creating shared instance of singleton bean 'org.springframework.boot.test.mock.mockito.MockitoPostProcessor$SpyPostProcessor'
2025-04-06T12:38:06.746+03:00 DEBUG 63042 --- [    Test worker] o.s.b.f.s.DefaultListableBeanFactory     : Creating shared instance of singleton bean 'org.springframework.boot.context.properties.ConfigurationPropertiesBindingPostProcessor'
2025-04-06T12:38:06.746+03:00 DEBUG 63042 --- [    Test worker] o.s.b.f.s.DefaultListableBeanFactory     : Creating shared instance of singleton bean 'org.springframework.boot.context.internalConfigurationPropertiesBinder'
2025-04-06T12:38:06.747+03:00 DEBUG 63042 --- [    Test worker] o.s.b.f.s.DefaultListableBeanFactory     : Creating shared instance of singleton bean 'jdbcConnectionDetailsHikariBeanPostProcessor'
2025-04-06T12:38:06.748+03:00 DEBUG 63042 --- [    Test worker] o.s.b.f.s.DefaultListableBeanFactory     : Creating shared instance of singleton bean 'org.springframework.aop.config.internalAutoProxyCreator'
2025-04-06T12:38:06.753+03:00 DEBUG 63042 --- [    Test worker] o.s.b.f.s.DefaultListableBeanFactory     : Creating shared instance of singleton bean 'persistenceExceptionTranslationPostProcessor'
2025-04-06T12:38:06.754+03:00 DEBUG 63042 --- [    Test worker] o.s.b.f.s.DefaultListableBeanFactory     : Autowiring by type from bean name 'persistenceExceptionTranslationPostProcessor' via factory method to bean named 'environment'
2025-04-06T12:38:06.755+03:00 DEBUG 63042 --- [    Test worker] o.s.b.f.s.DefaultListableBeanFactory     : Creating shared instance of singleton bean 'webServerFactoryCustomizerBeanPostProcessor'
2025-04-06T12:38:06.755+03:00 DEBUG 63042 --- [    Test worker] o.s.b.f.s.DefaultListableBeanFactory     : Creating shared instance of singleton bean 'errorPageRegistrarBeanPostProcessor'
2025-04-06T12:38:06.756+03:00 DEBUG 63042 --- [    Test worker] o.s.b.f.s.DefaultListableBeanFactory     : Creating shared instance of singleton bean 'projectingArgumentResolverBeanPostProcessor'
2025-04-06T12:38:06.756+03:00 DEBUG 63042 --- [    Test worker] o.s.b.f.s.DefaultListableBeanFactory     : Creating shared instance of singleton bean 'org.springframework.transaction.config.internalTransactionAdvisor'
2025-04-06T12:38:06.756+03:00 DEBUG 63042 --- [    Test worker] o.s.b.f.s.DefaultListableBeanFactory     : Creating shared instance of singleton bean 'org.springframework.transaction.annotation.ProxyTransactionManagementConfiguration'
2025-04-06T12:38:06.763+03:00 DEBUG 63042 --- [    Test worker] o.s.b.f.s.DefaultListableBeanFactory     : Creating shared instance of singleton bean 'transactionAttributeSource'
2025-04-06T12:38:06.764+03:00 DEBUG 63042 --- [    Test worker] o.s.b.f.s.DefaultListableBeanFactory     : Creating shared instance of singleton bean 'transactionInterceptor'
2025-04-06T12:38:06.764+03:00 DEBUG 63042 --- [    Test worker] o.s.b.f.s.DefaultListableBeanFactory     : Autowiring by type from bean name 'transactionInterceptor' via factory method to bean named 'transactionAttributeSource'
2025-04-06T12:38:06.765+03:00 DEBUG 63042 --- [    Test worker] o.s.b.f.s.DefaultListableBeanFactory     : Autowiring by type from bean name 'org.springframework.transaction.config.internalTransactionAdvisor' via factory method to bean named 'transactionAttributeSource'
2025-04-06T12:38:06.765+03:00 DEBUG 63042 --- [    Test worker] o.s.b.f.s.DefaultListableBeanFactory     : Autowiring by type from bean name 'org.springframework.transaction.config.internalTransactionAdvisor' via factory method to bean named 'transactionInterceptor'
2025-04-06T12:38:06.774+03:00 DEBUG 63042 --- [    Test worker] o.s.u.c.s.UiApplicationContextUtils      : Unable to locate ThemeSource with name 'themeSource': using default [org.springframework.ui.context.support.ResourceBundleThemeSource@2f0cab82]
2025-04-06T12:38:06.774+03:00 DEBUG 63042 --- [    Test worker] o.s.b.f.s.DefaultListableBeanFactory     : Creating shared instance of singleton bean 'tomcatServletWebServerFactory'
2025-04-06T12:38:06.774+03:00 DEBUG 63042 --- [    Test worker] o.s.b.f.s.DefaultListableBeanFactory     : Creating shared instance of singleton bean 'org.springframework.boot.autoconfigure.web.servlet.ServletWebServerFactoryConfiguration$EmbeddedTomcat'
2025-04-06T12:38:06.784+03:00 DEBUG 63042 --- [    Test worker] o.a.catalina.core.AprLifecycleListener   : The Apache Tomcat Native library could not be found using names [tcnative-2, libtcnative-2, tcnative-1, libtcnative-1] on the java.library.path [/Users/vanonatobaidze/Library/Java/Extensions:/Library/Java/Extensions:/Network/Library/Java/Extensions:/System/Library/Java/Extensions:/usr/lib/java:.]. The errors reported were [Can't load library: /Users/vanonatobaidze/projects/pactflow/pactflow-provider/bin/libtcnative-2.dylib, Can't load library: /Users/vanonatobaidze/projects/pactflow/pactflow-provider/bin/liblibtcnative-2.dylib, Can't load library: /Users/vanonatobaidze/projects/pactflow/pactflow-provider/bin/libtcnative-1.dylib, Can't load library: /Users/vanonatobaidze/projects/pactflow/pactflow-provider/bin/liblibtcnative-1.dylib, no tcnative-2 in java.library.path: /Users/vanonatobaidze/Library/Java/Extensions:/Library/Java/Extensions:/Network/Library/Java/Extensions:/System/Library/Java/Extensions:/usr/lib/java:., no libtcnative-2 in java.library.path: /Users/vanonatobaidze/Library/Java/Extensions:/Library/Java/Extensions:/Network/Library/Java/Extensions:/System/Library/Java/Extensions:/usr/lib/java:., no tcnative-1 in java.library.path: /Users/vanonatobaidze/Library/Java/Extensions:/Library/Java/Extensions:/Network/Library/Java/Extensions:/System/Library/Java/Extensions:/usr/lib/java:., no libtcnative-1 in java.library.path: /Users/vanonatobaidze/Library/Java/Extensions:/Library/Java/Extensions:/Network/Library/Java/Extensions:/System/Library/Java/Extensions:/usr/lib/java:.]

org.apache.tomcat.jni.LibraryNotFoundError: Can't load library: /Users/vanonatobaidze/projects/pactflow/pactflow-provider/bin/libtcnative-2.dylib, Can't load library: /Users/vanonatobaidze/projects/pactflow/pactflow-provider/bin/liblibtcnative-2.dylib, Can't load library: /Users/vanonatobaidze/projects/pactflow/pactflow-provider/bin/libtcnative-1.dylib, Can't load library: /Users/vanonatobaidze/projects/pactflow/pactflow-provider/bin/liblibtcnative-1.dylib, no tcnative-2 in java.library.path: /Users/vanonatobaidze/Library/Java/Extensions:/Library/Java/Extensions:/Network/Library/Java/Extensions:/System/Library/Java/Extensions:/usr/lib/java:., no libtcnative-2 in java.library.path: /Users/vanonatobaidze/Library/Java/Extensions:/Library/Java/Extensions:/Network/Library/Java/Extensions:/System/Library/Java/Extensions:/usr/lib/java:., no tcnative-1 in java.library.path: /Users/vanonatobaidze/Library/Java/Extensions:/Library/Java/Extensions:/Network/Library/Java/Extensions:/System/Library/Java/Extensions:/usr/lib/java:., no libtcnative-1 in java.library.path: /Users/vanonatobaidze/Library/Java/Extensions:/Library/Java/Extensions:/Network/Library/Java/Extensions:/System/Library/Java/Extensions:/usr/lib/java:.
	at org.apache.tomcat.jni.Library.<init>(Library.java:91) ~[tomcat-embed-core-10.1.36.jar:10.1.36]
	at org.apache.tomcat.jni.Library.initialize(Library.java:147) ~[tomcat-embed-core-10.1.36.jar:10.1.36]
	at org.apache.catalina.core.AprLifecycleListener.init(AprLifecycleListener.java:211) ~[tomcat-embed-core-10.1.36.jar:10.1.36]
	at org.apache.catalina.core.AprLifecycleListener.isAprAvailable(AprLifecycleListener.java:113) ~[tomcat-embed-core-10.1.36.jar:10.1.36]
	at org.springframework.boot.web.embedded.tomcat.TomcatServletWebServerFactory.getDefaultServerLifecycleListeners(TomcatServletWebServerFactory.java:191) ~[spring-boot-3.4.3.jar:3.4.3]
	at org.springframework.boot.web.embedded.tomcat.TomcatServletWebServerFactory.<init>(TomcatServletWebServerFactory.java:138) ~[spring-boot-3.4.3.jar:3.4.3]
	at org.springframework.boot.autoconfigure.web.servlet.ServletWebServerFactoryConfiguration$EmbeddedTomcat.tomcatServletWebServerFactory(ServletWebServerFactoryConfiguration.java:73) ~[spring-boot-autoconfigure-3.4.3.jar:3.4.3]
	at java.base/jdk.internal.reflect.DirectMethodHandleAccessor.invoke(DirectMethodHandleAccessor.java:103) ~[na:na]
	at java.base/java.lang.reflect.Method.invoke(Method.java:580) ~[na:na]
	at org.springframework.beans.factory.support.SimpleInstantiationStrategy.lambda$instantiate$0(SimpleInstantiationStrategy.java:171) ~[spring-beans-6.2.3.jar:6.2.3]
	at org.springframework.beans.factory.support.SimpleInstantiationStrategy.instantiateWithFactoryMethod(SimpleInstantiationStrategy.java:88) ~[spring-beans-6.2.3.jar:6.2.3]
	at org.springframework.beans.factory.support.SimpleInstantiationStrategy.instantiate(SimpleInstantiationStrategy.java:168) ~[spring-beans-6.2.3.jar:6.2.3]
	at org.springframework.beans.factory.support.ConstructorResolver.instantiate(ConstructorResolver.java:653) ~[spring-beans-6.2.3.jar:6.2.3]
	at org.springframework.beans.factory.support.ConstructorResolver.instantiateUsingFactoryMethod(ConstructorResolver.java:645) ~[spring-beans-6.2.3.jar:6.2.3]
	at org.springframework.beans.factory.support.AbstractAutowireCapableBeanFactory.instantiateUsingFactoryMethod(AbstractAutowireCapableBeanFactory.java:1361) ~[spring-beans-6.2.3.jar:6.2.3]
	at org.springframework.beans.factory.support.AbstractAutowireCapableBeanFactory.createBeanInstance(AbstractAutowireCapableBeanFactory.java:1191) ~[spring-beans-6.2.3.jar:6.2.3]
	at org.springframework.beans.factory.support.AbstractAutowireCapableBeanFactory.doCreateBean(AbstractAutowireCapableBeanFactory.java:563) ~[spring-beans-6.2.3.jar:6.2.3]
	at org.springframework.beans.factory.support.AbstractAutowireCapableBeanFactory.createBean(AbstractAutowireCapableBeanFactory.java:523) ~[spring-beans-6.2.3.jar:6.2.3]
	at org.springframework.beans.factory.support.AbstractBeanFactory.lambda$doGetBean$0(AbstractBeanFactory.java:339) ~[spring-beans-6.2.3.jar:6.2.3]
	at org.springframework.beans.factory.support.DefaultSingletonBeanRegistry.getSingleton(DefaultSingletonBeanRegistry.java:346) ~[spring-beans-6.2.3.jar:6.2.3]
	at org.springframework.beans.factory.support.AbstractBeanFactory.doGetBean(AbstractBeanFactory.java:337) ~[spring-beans-6.2.3.jar:6.2.3]
	at org.springframework.beans.factory.support.AbstractBeanFactory.getBean(AbstractBeanFactory.java:207) ~[spring-beans-6.2.3.jar:6.2.3]
	at org.springframework.boot.web.servlet.context.ServletWebServerApplicationContext.getWebServerFactory(ServletWebServerApplicationContext.java:228) ~[spring-boot-3.4.3.jar:3.4.3]
	at org.springframework.boot.web.servlet.context.ServletWebServerApplicationContext.createWebServer(ServletWebServerApplicationContext.java:191) ~[spring-boot-3.4.3.jar:3.4.3]
	at org.springframework.boot.web.servlet.context.ServletWebServerApplicationContext.onRefresh(ServletWebServerApplicationContext.java:167) ~[spring-boot-3.4.3.jar:3.4.3]
	at org.springframework.context.support.AbstractApplicationContext.refresh(AbstractApplicationContext.java:621) ~[spring-context-6.2.3.jar:6.2.3]
	at org.springframework.boot.web.servlet.context.ServletWebServerApplicationContext.refresh(ServletWebServerApplicationContext.java:146) ~[spring-boot-3.4.3.jar:3.4.3]
	at org.springframework.boot.SpringApplication.refresh(SpringApplication.java:752) ~[spring-boot-3.4.3.jar:3.4.3]
	at org.springframework.boot.SpringApplication.refreshContext(SpringApplication.java:439) ~[spring-boot-3.4.3.jar:3.4.3]
	at org.springframework.boot.SpringApplication.run(SpringApplication.java:318) ~[spring-boot-3.4.3.jar:3.4.3]
	at org.springframework.boot.test.context.SpringBootContextLoader.lambda$loadContext$3(SpringBootContextLoader.java:137) ~[spring-boot-test-3.4.3.jar:3.4.3]
	at org.springframework.util.function.ThrowingSupplier.get(ThrowingSupplier.java:58) ~[spring-core-6.2.3.jar:6.2.3]
	at org.springframework.util.function.ThrowingSupplier.get(ThrowingSupplier.java:46) ~[spring-core-6.2.3.jar:6.2.3]
	at org.springframework.boot.SpringApplication.withHook(SpringApplication.java:1461) ~[spring-boot-3.4.3.jar:3.4.3]
	at org.springframework.boot.test.context.SpringBootContextLoader$ContextLoaderHook.run(SpringBootContextLoader.java:553) ~[spring-boot-test-3.4.3.jar:3.4.3]
	at org.springframework.boot.test.context.SpringBootContextLoader.loadContext(SpringBootContextLoader.java:137) ~[spring-boot-test-3.4.3.jar:3.4.3]
	at org.springframework.boot.test.context.SpringBootContextLoader.loadContext(SpringBootContextLoader.java:108) ~[spring-boot-test-3.4.3.jar:3.4.3]
	at org.springframework.test.context.cache.DefaultCacheAwareContextLoaderDelegate.loadContextInternal(DefaultCacheAwareContextLoaderDelegate.java:225) ~[spring-test-6.2.3.jar:6.2.3]
	at org.springframework.test.context.cache.DefaultCacheAwareContextLoaderDelegate.loadContext(DefaultCacheAwareContextLoaderDelegate.java:152) ~[spring-test-6.2.3.jar:6.2.3]
	at org.springframework.test.context.support.DefaultTestContext.getApplicationContext(DefaultTestContext.java:130) ~[spring-test-6.2.3.jar:6.2.3]
	at org.springframework.test.context.support.DependencyInjectionTestExecutionListener.injectDependencies(DependencyInjectionTestExecutionListener.java:155) ~[spring-test-6.2.3.jar:6.2.3]
	at org.springframework.test.context.support.DependencyInjectionTestExecutionListener.prepareTestInstance(DependencyInjectionTestExecutionListener.java:111) ~[spring-test-6.2.3.jar:6.2.3]
	at org.springframework.test.context.TestContextManager.prepareTestInstance(TestContextManager.java:260) ~[spring-test-6.2.3.jar:6.2.3]
	at org.springframework.test.context.junit.jupiter.SpringExtension.postProcessTestInstance(SpringExtension.java:160) ~[spring-test-6.2.3.jar:6.2.3]
	at org.junit.jupiter.engine.descriptor.ClassBasedTestDescriptor.lambda$invokeTestInstancePostProcessors$11(ClassBasedTestDescriptor.java:378) ~[junit-jupiter-engine-5.11.4.jar:5.11.4]
	at org.junit.jupiter.engine.descriptor.ClassBasedTestDescriptor.executeAndMaskThrowable(ClassBasedTestDescriptor.java:383) ~[junit-jupiter-engine-5.11.4.jar:5.11.4]
	at org.junit.jupiter.engine.descriptor.ClassBasedTestDescriptor.lambda$invokeTestInstancePostProcessors$12(ClassBasedTestDescriptor.java:378) ~[junit-jupiter-engine-5.11.4.jar:5.11.4]
	at java.base/java.util.stream.ForEachOps$ForEachOp$OfRef.accept(ForEachOps.java:184) ~[na:na]
	at java.base/java.util.stream.ReferencePipeline$3$1.accept(ReferencePipeline.java:215) ~[na:na]
	at java.base/java.util.stream.ReferencePipeline$2$1.accept(ReferencePipeline.java:197) ~[na:na]
	at java.base/java.util.stream.ReferencePipeline$3$1.accept(ReferencePipeline.java:215) ~[na:na]
	at java.base/java.util.ArrayList$ArrayListSpliterator.forEachRemaining(ArrayList.java:1709) ~[na:na]
	at java.base/java.util.stream.AbstractPipeline.copyInto(AbstractPipeline.java:570) ~[na:na]
	at java.base/java.util.stream.AbstractPipeline.wrapAndCopyInto(AbstractPipeline.java:560) ~[na:na]
	at java.base/java.util.stream.ForEachOps$ForEachOp.evaluateSequential(ForEachOps.java:151) ~[na:na]
	at java.base/java.util.stream.ForEachOps$ForEachOp$OfRef.evaluateSequential(ForEachOps.java:174) ~[na:na]
	at java.base/java.util.stream.AbstractPipeline.evaluate(AbstractPipeline.java:265) ~[na:na]
	at java.base/java.util.stream.ReferencePipeline.forEach(ReferencePipeline.java:636) ~[na:na]
	at org.junit.jupiter.engine.descriptor.ClassBasedTestDescriptor.invokeTestInstancePostProcessors(ClassBasedTestDescriptor.java:377) ~[junit-jupiter-engine-5.11.4.jar:5.11.4]
	at org.junit.jupiter.engine.descriptor.ClassBasedTestDescriptor.lambda$instantiateAndPostProcessTestInstance$7(ClassBasedTestDescriptor.java:290) ~[junit-jupiter-engine-5.11.4.jar:5.11.4]
	at org.junit.platform.engine.support.hierarchical.ThrowableCollector.execute(ThrowableCollector.java:73) ~[junit-platform-engine-1.11.4.jar:1.11.4]
	at org.junit.jupiter.engine.descriptor.ClassBasedTestDescriptor.instantiateAndPostProcessTestInstance(ClassBasedTestDescriptor.java:289) ~[junit-jupiter-engine-5.11.4.jar:5.11.4]
	at org.junit.jupiter.engine.descriptor.ClassBasedTestDescriptor.lambda$testInstancesProvider$5(ClassBasedTestDescriptor.java:279) ~[junit-jupiter-engine-5.11.4.jar:5.11.4]
	at java.base/java.util.Optional.orElseGet(Optional.java:364) ~[na:na]
	at org.junit.jupiter.engine.descriptor.ClassBasedTestDescriptor.lambda$testInstancesProvider$6(ClassBasedTestDescriptor.java:278) ~[junit-jupiter-engine-5.11.4.jar:5.11.4]
	at org.junit.jupiter.engine.execution.TestInstancesProvider.getTestInstances(TestInstancesProvider.java:31) ~[junit-jupiter-engine-5.11.4.jar:5.11.4]
	at org.junit.jupiter.engine.descriptor.TestMethodTestDescriptor.lambda$prepare$1(TestMethodTestDescriptor.java:105) ~[junit-jupiter-engine-5.11.4.jar:5.11.4]
	at org.junit.platform.engine.support.hierarchical.ThrowableCollector.execute(ThrowableCollector.java:73) ~[junit-platform-engine-1.11.4.jar:1.11.4]
	at org.junit.jupiter.engine.descriptor.TestMethodTestDescriptor.prepare(TestMethodTestDescriptor.java:104) ~[junit-jupiter-engine-5.11.4.jar:5.11.4]
	at org.junit.jupiter.engine.descriptor.TestMethodTestDescriptor.prepare(TestMethodTestDescriptor.java:68) ~[junit-jupiter-engine-5.11.4.jar:5.11.4]
	at org.junit.platform.engine.support.hierarchical.NodeTestTask.lambda$prepare$2(NodeTestTask.java:128) ~[junit-platform-engine-1.11.4.jar:1.11.4]
	at org.junit.platform.engine.support.hierarchical.ThrowableCollector.execute(ThrowableCollector.java:73) ~[junit-platform-engine-1.11.4.jar:1.11.4]
	at org.junit.platform.engine.support.hierarchical.NodeTestTask.prepare(NodeTestTask.java:128) ~[junit-platform-engine-1.11.4.jar:1.11.4]
	at org.junit.platform.engine.support.hierarchical.NodeTestTask.execute(NodeTestTask.java:95) ~[junit-platform-engine-1.11.4.jar:1.11.4]
	at java.base/java.util.ArrayList.forEach(ArrayList.java:1597) ~[na:na]
	at org.junit.platform.engine.support.hierarchical.SameThreadHierarchicalTestExecutorService.invokeAll(SameThreadHierarchicalTestExecutorService.java:41) ~[junit-platform-engine-1.11.4.jar:1.11.4]
	at org.junit.platform.engine.support.hierarchical.NodeTestTask.lambda$executeRecursively$6(NodeTestTask.java:160) ~[junit-platform-engine-1.11.4.jar:1.11.4]
	at org.junit.platform.engine.support.hierarchical.ThrowableCollector.execute(ThrowableCollector.java:73) ~[junit-platform-engine-1.11.4.jar:1.11.4]
	at org.junit.platform.engine.support.hierarchical.NodeTestTask.lambda$executeRecursively$8(NodeTestTask.java:146) ~[junit-platform-engine-1.11.4.jar:1.11.4]
	at org.junit.platform.engine.support.hierarchical.Node.around(Node.java:137) ~[junit-platform-engine-1.11.4.jar:1.11.4]
	at org.junit.platform.engine.support.hierarchical.NodeTestTask.lambda$executeRecursively$9(NodeTestTask.java:144) ~[junit-platform-engine-1.11.4.jar:1.11.4]
	at org.junit.platform.engine.support.hierarchical.ThrowableCollector.execute(ThrowableCollector.java:73) ~[junit-platform-engine-1.11.4.jar:1.11.4]
	at org.junit.platform.engine.support.hierarchical.NodeTestTask.executeRecursively(NodeTestTask.java:143) ~[junit-platform-engine-1.11.4.jar:1.11.4]
	at org.junit.platform.engine.support.hierarchical.NodeTestTask.execute(NodeTestTask.java:100) ~[junit-platform-engine-1.11.4.jar:1.11.4]
	at java.base/java.util.ArrayList.forEach(ArrayList.java:1597) ~[na:na]
	at org.junit.platform.engine.support.hierarchical.SameThreadHierarchicalTestExecutorService.invokeAll(SameThreadHierarchicalTestExecutorService.java:41) ~[junit-platform-engine-1.11.4.jar:1.11.4]
	at org.junit.platform.engine.support.hierarchical.NodeTestTask.lambda$executeRecursively$6(NodeTestTask.java:160) ~[junit-platform-engine-1.11.4.jar:1.11.4]
	at org.junit.platform.engine.support.hierarchical.ThrowableCollector.execute(ThrowableCollector.java:73) ~[junit-platform-engine-1.11.4.jar:1.11.4]
	at org.junit.platform.engine.support.hierarchical.NodeTestTask.lambda$executeRecursively$8(NodeTestTask.java:146) ~[junit-platform-engine-1.11.4.jar:1.11.4]
	at org.junit.platform.engine.support.hierarchical.Node.around(Node.java:137) ~[junit-platform-engine-1.11.4.jar:1.11.4]
	at org.junit.platform.engine.support.hierarchical.NodeTestTask.lambda$executeRecursively$9(NodeTestTask.java:144) ~[junit-platform-engine-1.11.4.jar:1.11.4]
	at org.junit.platform.engine.support.hierarchical.ThrowableCollector.execute(ThrowableCollector.java:73) ~[junit-platform-engine-1.11.4.jar:1.11.4]
	at org.junit.platform.engine.support.hierarchical.NodeTestTask.executeRecursively(NodeTestTask.java:143) ~[junit-platform-engine-1.11.4.jar:1.11.4]
	at org.junit.platform.engine.support.hierarchical.NodeTestTask.execute(NodeTestTask.java:100) ~[junit-platform-engine-1.11.4.jar:1.11.4]
	at org.junit.platform.engine.support.hierarchical.SameThreadHierarchicalTestExecutorService.submit(SameThreadHierarchicalTestExecutorService.java:35) ~[junit-platform-engine-1.11.4.jar:1.11.4]
	at org.junit.platform.engine.support.hierarchical.HierarchicalTestExecutor.execute(HierarchicalTestExecutor.java:57) ~[junit-platform-engine-1.11.4.jar:1.11.4]
	at org.junit.platform.engine.support.hierarchical.HierarchicalTestEngine.execute(HierarchicalTestEngine.java:54) ~[junit-platform-engine-1.11.4.jar:1.11.4]
	at org.junit.platform.launcher.core.EngineExecutionOrchestrator.execute(EngineExecutionOrchestrator.java:198) ~[junit-platform-launcher-1.11.4.jar:1.11.4]
	at org.junit.platform.launcher.core.EngineExecutionOrchestrator.execute(EngineExecutionOrchestrator.java:169) ~[junit-platform-launcher-1.11.4.jar:1.11.4]
	at org.junit.platform.launcher.core.EngineExecutionOrchestrator.execute(EngineExecutionOrchestrator.java:93) ~[junit-platform-launcher-1.11.4.jar:1.11.4]
	at org.junit.platform.launcher.core.EngineExecutionOrchestrator.lambda$execute$0(EngineExecutionOrchestrator.java:58) ~[junit-platform-launcher-1.11.4.jar:1.11.4]
	at org.junit.platform.launcher.core.EngineExecutionOrchestrator.withInterceptedStreams(EngineExecutionOrchestrator.java:141) ~[junit-platform-launcher-1.11.4.jar:1.11.4]
	at org.junit.platform.launcher.core.EngineExecutionOrchestrator.execute(EngineExecutionOrchestrator.java:57) ~[junit-platform-launcher-1.11.4.jar:1.11.4]
	at org.junit.platform.launcher.core.DefaultLauncher.execute(DefaultLauncher.java:103) ~[junit-platform-launcher-1.11.4.jar:1.11.4]
	at org.junit.platform.launcher.core.DefaultLauncher.execute(DefaultLauncher.java:85) ~[junit-platform-launcher-1.11.4.jar:1.11.4]
	at org.junit.platform.launcher.core.DelegatingLauncher.execute(DelegatingLauncher.java:47) ~[junit-platform-launcher-1.11.4.jar:1.11.4]
	at org.gradle.api.internal.tasks.testing.junitplatform.JUnitPlatformTestClassProcessor$CollectAllTestClassesExecutor.processAllTestClasses(JUnitPlatformTestClassProcessor.java:124) ~[na:na]
	at org.gradle.api.internal.tasks.testing.junitplatform.JUnitPlatformTestClassProcessor$CollectAllTestClassesExecutor.access$000(JUnitPlatformTestClassProcessor.java:99) ~[na:na]
	at org.gradle.api.internal.tasks.testing.junitplatform.JUnitPlatformTestClassProcessor.stop(JUnitPlatformTestClassProcessor.java:94) ~[na:na]
	at org.gradle.api.internal.tasks.testing.SuiteTestClassProcessor.stop(SuiteTestClassProcessor.java:63) ~[na:na]
	at java.base/jdk.internal.reflect.DirectMethodHandleAccessor.invoke(DirectMethodHandleAccessor.java:103) ~[na:na]
	at java.base/java.lang.reflect.Method.invoke(Method.java:580) ~[na:na]
	at org.gradle.internal.dispatch.ReflectionDispatch.dispatch(ReflectionDispatch.java:36) ~[na:na]
	at org.gradle.internal.dispatch.ReflectionDispatch.dispatch(ReflectionDispatch.java:24) ~[na:na]
	at org.gradle.internal.dispatch.ContextClassLoaderDispatch.dispatch(ContextClassLoaderDispatch.java:33) ~[na:na]
	at org.gradle.internal.dispatch.ProxyDispatchAdapter$DispatchingInvocationHandler.invoke(ProxyDispatchAdapter.java:92) ~[na:na]
	at jdk.proxy1/jdk.proxy1.$Proxy4.stop(Unknown Source) ~[na:na]
	at org.gradle.api.internal.tasks.testing.worker.TestWorker$3.run(TestWorker.java:200) ~[na:na]
	at org.gradle.api.internal.tasks.testing.worker.TestWorker.executeAndMaintainThreadName(TestWorker.java:132) ~[na:na]
	at org.gradle.api.internal.tasks.testing.worker.TestWorker.execute(TestWorker.java:103) ~[na:na]
	at org.gradle.api.internal.tasks.testing.worker.TestWorker.execute(TestWorker.java:63) ~[na:na]
	at org.gradle.process.internal.worker.child.ActionExecutionWorker.execute(ActionExecutionWorker.java:56) ~[na:na]
	at org.gradle.process.internal.worker.child.SystemApplicationClassLoaderWorker.call(SystemApplicationClassLoaderWorker.java:121) ~[na:na]
	at org.gradle.process.internal.worker.child.SystemApplicationClassLoaderWorker.call(SystemApplicationClassLoaderWorker.java:71) ~[na:na]
	at worker.org.gradle.process.internal.worker.GradleWorkerMain.run(GradleWorkerMain.java:69) ~[gradle-worker.jar:na]
	at worker.org.gradle.process.internal.worker.GradleWorkerMain.main(GradleWorkerMain.java:74) ~[gradle-worker.jar:na]

2025-04-06T12:38:06.792+03:00 DEBUG 63042 --- [    Test worker] o.s.b.f.s.DefaultListableBeanFactory     : Creating shared instance of singleton bean 'websocketServletWebServerCustomizer'
2025-04-06T12:38:06.793+03:00 DEBUG 63042 --- [    Test worker] o.s.b.f.s.DefaultListableBeanFactory     : Creating shared instance of singleton bean 'org.springframework.boot.autoconfigure.websocket.servlet.WebSocketServletAutoConfiguration$TomcatWebSocketConfiguration'
2025-04-06T12:38:06.793+03:00 DEBUG 63042 --- [    Test worker] o.s.b.f.s.DefaultListableBeanFactory     : Creating shared instance of singleton bean 'servletWebServerFactoryCustomizer'
2025-04-06T12:38:06.793+03:00 DEBUG 63042 --- [    Test worker] o.s.b.f.s.DefaultListableBeanFactory     : Creating shared instance of singleton bean 'org.springframework.boot.autoconfigure.web.servlet.ServletWebServerFactoryAutoConfiguration'
2025-04-06T12:38:06.794+03:00 DEBUG 63042 --- [    Test worker] o.s.b.f.s.DefaultListableBeanFactory     : Creating shared instance of singleton bean 'server-org.springframework.boot.autoconfigure.web.ServerProperties'
2025-04-06T12:38:06.797+03:00 DEBUG 63042 --- [    Test worker] o.s.b.f.s.DefaultListableBeanFactory     : Creating shared instance of singleton bean 'org.springframework.boot.context.properties.BoundConfigurationProperties'
2025-04-06T12:38:06.800+03:00 DEBUG 63042 --- [    Test worker] o.s.b.f.s.DefaultListableBeanFactory     : Autowiring by type from bean name 'servletWebServerFactoryCustomizer' via factory method to bean named 'server-org.springframework.boot.autoconfigure.web.ServerProperties'
2025-04-06T12:38:06.802+03:00 DEBUG 63042 --- [    Test worker] o.s.b.f.s.DefaultListableBeanFactory     : Creating shared instance of singleton bean 'sslBundleRegistry'
2025-04-06T12:38:06.802+03:00 DEBUG 63042 --- [    Test worker] o.s.b.f.s.DefaultListableBeanFactory     : Creating shared instance of singleton bean 'org.springframework.boot.autoconfigure.ssl.SslAutoConfiguration'
2025-04-06T12:38:06.802+03:00 DEBUG 63042 --- [    Test worker] o.s.b.f.s.DefaultListableBeanFactory     : Creating shared instance of singleton bean 'spring.ssl-org.springframework.boot.autoconfigure.ssl.SslProperties'
2025-04-06T12:38:06.803+03:00 DEBUG 63042 --- [    Test worker] o.s.b.f.s.DefaultListableBeanFactory     : Autowiring by type from bean name 'org.springframework.boot.autoconfigure.ssl.SslAutoConfiguration' via constructor to bean named 'org.springframework.boot.web.servlet.context.AnnotationConfigServletWebServerApplicationContext@104dc1a2'
2025-04-06T12:38:06.803+03:00 DEBUG 63042 --- [    Test worker] o.s.b.f.s.DefaultListableBeanFactory     : Autowiring by type from bean name 'org.springframework.boot.autoconfigure.ssl.SslAutoConfiguration' via constructor to bean named 'spring.ssl-org.springframework.boot.autoconfigure.ssl.SslProperties'
2025-04-06T12:38:06.804+03:00 DEBUG 63042 --- [    Test worker] o.s.b.f.s.DefaultListableBeanFactory     : Creating shared instance of singleton bean 'sslPropertiesSslBundleRegistrar'
2025-04-06T12:38:06.804+03:00 DEBUG 63042 --- [    Test worker] o.s.b.f.s.DefaultListableBeanFactory     : Creating shared instance of singleton bean 'fileWatcher'
2025-04-06T12:38:06.805+03:00 DEBUG 63042 --- [    Test worker] o.s.b.f.s.DefaultListableBeanFactory     : Autowiring by type from bean name 'sslPropertiesSslBundleRegistrar' via factory method to bean named 'fileWatcher'
2025-04-06T12:38:06.807+03:00 DEBUG 63042 --- [    Test worker] o.s.b.f.s.DefaultListableBeanFactory     : Creating shared instance of singleton bean 'tomcatServletWebServerFactoryCustomizer'
2025-04-06T12:38:06.807+03:00 DEBUG 63042 --- [    Test worker] o.s.b.f.s.DefaultListableBeanFactory     : Autowiring by type from bean name 'tomcatServletWebServerFactoryCustomizer' via factory method to bean named 'server-org.springframework.boot.autoconfigure.web.ServerProperties'
2025-04-06T12:38:06.807+03:00 DEBUG 63042 --- [    Test worker] o.s.b.f.s.DefaultListableBeanFactory     : Creating shared instance of singleton bean 'tomcatWebServerFactoryCustomizer'
2025-04-06T12:38:06.807+03:00 DEBUG 63042 --- [    Test worker] o.s.b.f.s.DefaultListableBeanFactory     : Creating shared instance of singleton bean 'org.springframework.boot.autoconfigure.web.embedded.EmbeddedWebServerFactoryCustomizerAutoConfiguration$TomcatWebServerFactoryCustomizerConfiguration'
2025-04-06T12:38:06.808+03:00 DEBUG 63042 --- [    Test worker] o.s.b.f.s.DefaultListableBeanFactory     : Autowiring by type from bean name 'tomcatWebServerFactoryCustomizer' via factory method to bean named 'environment'
2025-04-06T12:38:06.808+03:00 DEBUG 63042 --- [    Test worker] o.s.b.f.s.DefaultListableBeanFactory     : Autowiring by type from bean name 'tomcatWebServerFactoryCustomizer' via factory method to bean named 'server-org.springframework.boot.autoconfigure.web.ServerProperties'
2025-04-06T12:38:06.809+03:00 DEBUG 63042 --- [    Test worker] o.s.b.f.s.DefaultListableBeanFactory     : Creating shared instance of singleton bean 'localeCharsetMappingsCustomizer'
2025-04-06T12:38:06.809+03:00 DEBUG 63042 --- [    Test worker] o.s.b.f.s.DefaultListableBeanFactory     : Creating shared instance of singleton bean 'org.springframework.boot.autoconfigure.web.servlet.HttpEncodingAutoConfiguration'
2025-04-06T12:38:06.809+03:00 DEBUG 63042 --- [    Test worker] o.s.b.f.s.DefaultListableBeanFactory     : Autowiring by type from bean name 'org.springframework.boot.autoconfigure.web.servlet.HttpEncodingAutoConfiguration' via constructor to bean named 'server-org.springframework.boot.autoconfigure.web.ServerProperties'
2025-04-06T12:38:06.817+03:00 DEBUG 63042 --- [    Test worker] o.s.b.f.s.DefaultListableBeanFactory     : Creating shared instance of singleton bean 'errorPageCustomizer'
2025-04-06T12:38:06.817+03:00 DEBUG 63042 --- [    Test worker] o.s.b.f.s.DefaultListableBeanFactory     : Creating shared instance of singleton bean 'org.springframework.boot.autoconfigure.web.servlet.error.ErrorMvcAutoConfiguration'
2025-04-06T12:38:06.818+03:00 DEBUG 63042 --- [    Test worker] o.s.b.f.s.DefaultListableBeanFactory     : Autowiring by type from bean name 'org.springframework.boot.autoconfigure.web.servlet.error.ErrorMvcAutoConfiguration' via constructor to bean named 'server-org.springframework.boot.autoconfigure.web.ServerProperties'
2025-04-06T12:38:06.818+03:00 DEBUG 63042 --- [    Test worker] o.s.b.f.s.DefaultListableBeanFactory     : Creating shared instance of singleton bean 'dispatcherServletRegistration'
2025-04-06T12:38:06.818+03:00 DEBUG 63042 --- [    Test worker] o.s.b.f.s.DefaultListableBeanFactory     : Creating shared instance of singleton bean 'org.springframework.boot.autoconfigure.web.servlet.DispatcherServletAutoConfiguration$DispatcherServletRegistrationConfiguration'
2025-04-06T12:38:06.818+03:00 DEBUG 63042 --- [    Test worker] o.s.b.f.s.DefaultListableBeanFactory     : Creating shared instance of singleton bean 'dispatcherServlet'
2025-04-06T12:38:06.818+03:00 DEBUG 63042 --- [    Test worker] o.s.b.f.s.DefaultListableBeanFactory     : Creating shared instance of singleton bean 'org.springframework.boot.autoconfigure.web.servlet.DispatcherServletAutoConfiguration$DispatcherServletConfiguration'
2025-04-06T12:38:06.819+03:00 DEBUG 63042 --- [    Test worker] o.s.b.f.s.DefaultListableBeanFactory     : Creating shared instance of singleton bean 'spring.mvc-org.springframework.boot.autoconfigure.web.servlet.WebMvcProperties'
2025-04-06T12:38:06.821+03:00 DEBUG 63042 --- [    Test worker] o.s.b.f.s.DefaultListableBeanFactory     : Autowiring by type from bean name 'dispatcherServlet' via factory method to bean named 'spring.mvc-org.springframework.boot.autoconfigure.web.servlet.WebMvcProperties'
2025-04-06T12:38:06.826+03:00 DEBUG 63042 --- [    Test worker] o.s.b.f.s.DefaultListableBeanFactory     : Autowiring by type from bean name 'dispatcherServletRegistration' via factory method to bean named 'dispatcherServlet'
2025-04-06T12:38:06.827+03:00 DEBUG 63042 --- [    Test worker] o.s.b.f.s.DefaultListableBeanFactory     : Autowiring by type from bean name 'dispatcherServletRegistration' via factory method to bean named 'spring.mvc-org.springframework.boot.autoconfigure.web.servlet.WebMvcProperties'
2025-04-06T12:38:06.828+03:00 DEBUG 63042 --- [    Test worker] o.s.b.f.s.DefaultListableBeanFactory     : Creating shared instance of singleton bean 'multipartConfigElement'
2025-04-06T12:38:06.828+03:00 DEBUG 63042 --- [    Test worker] o.s.b.f.s.DefaultListableBeanFactory     : Creating shared instance of singleton bean 'org.springframework.boot.autoconfigure.web.servlet.MultipartAutoConfiguration'
2025-04-06T12:38:06.828+03:00 DEBUG 63042 --- [    Test worker] o.s.b.f.s.DefaultListableBeanFactory     : Creating shared instance of singleton bean 'spring.servlet.multipart-org.springframework.boot.autoconfigure.web.servlet.MultipartProperties'
2025-04-06T12:38:06.829+03:00 DEBUG 63042 --- [    Test worker] o.s.b.f.s.DefaultListableBeanFactory     : Autowiring by type from bean name 'org.springframework.boot.autoconfigure.web.servlet.MultipartAutoConfiguration' via constructor to bean named 'spring.servlet.multipart-org.springframework.boot.autoconfigure.web.servlet.MultipartProperties'
2025-04-06T12:38:06.832+03:00 DEBUG 63042 --- [    Test worker] o.s.b.f.s.DefaultListableBeanFactory     : Autowiring by type from bean name 'errorPageCustomizer' via factory method to bean named 'dispatcherServletRegistration'
2025-04-06T12:38:06.838+03:00 DEBUG 63042 --- [    Test worker] o.apache.tomcat.util.compat.JreCompat    : Unable to create a reference to the java.io.FileSystem.useCanonCaches static field

java.lang.NoSuchFieldException: useCanonCaches
	at java.base/java.lang.Class.getDeclaredField(Class.java:2841) ~[na:na]
	at org.apache.tomcat.util.compat.JreCompat.<clinit>(JreCompat.java:101) ~[tomcat-embed-core-10.1.36.jar:10.1.36]
	at org.apache.catalina.startup.Tomcat.<clinit>(Tomcat.java:1193) ~[tomcat-embed-core-10.1.36.jar:10.1.36]
	at org.springframework.boot.web.embedded.tomcat.TomcatServletWebServerFactory.getWebServer(TomcatServletWebServerFactory.java:203) ~[spring-boot-3.4.3.jar:3.4.3]
	at org.springframework.boot.web.servlet.context.ServletWebServerApplicationContext.createWebServer(ServletWebServerApplicationContext.java:193) ~[spring-boot-3.4.3.jar:3.4.3]
	at org.springframework.boot.web.servlet.context.ServletWebServerApplicationContext.onRefresh(ServletWebServerApplicationContext.java:167) ~[spring-boot-3.4.3.jar:3.4.3]
	at org.springframework.context.support.AbstractApplicationContext.refresh(AbstractApplicationContext.java:621) ~[spring-context-6.2.3.jar:6.2.3]
	at org.springframework.boot.web.servlet.context.ServletWebServerApplicationContext.refresh(ServletWebServerApplicationContext.java:146) ~[spring-boot-3.4.3.jar:3.4.3]
	at org.springframework.boot.SpringApplication.refresh(SpringApplication.java:752) ~[spring-boot-3.4.3.jar:3.4.3]
	at org.springframework.boot.SpringApplication.refreshContext(SpringApplication.java:439) ~[spring-boot-3.4.3.jar:3.4.3]
	at org.springframework.boot.SpringApplication.run(SpringApplication.java:318) ~[spring-boot-3.4.3.jar:3.4.3]
	at org.springframework.boot.test.context.SpringBootContextLoader.lambda$loadContext$3(SpringBootContextLoader.java:137) ~[spring-boot-test-3.4.3.jar:3.4.3]
	at org.springframework.util.function.ThrowingSupplier.get(ThrowingSupplier.java:58) ~[spring-core-6.2.3.jar:6.2.3]
	at org.springframework.util.function.ThrowingSupplier.get(ThrowingSupplier.java:46) ~[spring-core-6.2.3.jar:6.2.3]
	at org.springframework.boot.SpringApplication.withHook(SpringApplication.java:1461) ~[spring-boot-3.4.3.jar:3.4.3]
	at org.springframework.boot.test.context.SpringBootContextLoader$ContextLoaderHook.run(SpringBootContextLoader.java:553) ~[spring-boot-test-3.4.3.jar:3.4.3]
	at org.springframework.boot.test.context.SpringBootContextLoader.loadContext(SpringBootContextLoader.java:137) ~[spring-boot-test-3.4.3.jar:3.4.3]
	at org.springframework.boot.test.context.SpringBootContextLoader.loadContext(SpringBootContextLoader.java:108) ~[spring-boot-test-3.4.3.jar:3.4.3]
	at org.springframework.test.context.cache.DefaultCacheAwareContextLoaderDelegate.loadContextInternal(DefaultCacheAwareContextLoaderDelegate.java:225) ~[spring-test-6.2.3.jar:6.2.3]
	at org.springframework.test.context.cache.DefaultCacheAwareContextLoaderDelegate.loadContext(DefaultCacheAwareContextLoaderDelegate.java:152) ~[spring-test-6.2.3.jar:6.2.3]
	at org.springframework.test.context.support.DefaultTestContext.getApplicationContext(DefaultTestContext.java:130) ~[spring-test-6.2.3.jar:6.2.3]
	at org.springframework.test.context.support.DependencyInjectionTestExecutionListener.injectDependencies(DependencyInjectionTestExecutionListener.java:155) ~[spring-test-6.2.3.jar:6.2.3]
	at org.springframework.test.context.support.DependencyInjectionTestExecutionListener.prepareTestInstance(DependencyInjectionTestExecutionListener.java:111) ~[spring-test-6.2.3.jar:6.2.3]
	at org.springframework.test.context.TestContextManager.prepareTestInstance(TestContextManager.java:260) ~[spring-test-6.2.3.jar:6.2.3]
	at org.springframework.test.context.junit.jupiter.SpringExtension.postProcessTestInstance(SpringExtension.java:160) ~[spring-test-6.2.3.jar:6.2.3]
	at org.junit.jupiter.engine.descriptor.ClassBasedTestDescriptor.lambda$invokeTestInstancePostProcessors$11(ClassBasedTestDescriptor.java:378) ~[junit-jupiter-engine-5.11.4.jar:5.11.4]
	at org.junit.jupiter.engine.descriptor.ClassBasedTestDescriptor.executeAndMaskThrowable(ClassBasedTestDescriptor.java:383) ~[junit-jupiter-engine-5.11.4.jar:5.11.4]
	at org.junit.jupiter.engine.descriptor.ClassBasedTestDescriptor.lambda$invokeTestInstancePostProcessors$12(ClassBasedTestDescriptor.java:378) ~[junit-jupiter-engine-5.11.4.jar:5.11.4]
	at java.base/java.util.stream.ForEachOps$ForEachOp$OfRef.accept(ForEachOps.java:184) ~[na:na]
	at java.base/java.util.stream.ReferencePipeline$3$1.accept(ReferencePipeline.java:215) ~[na:na]
	at java.base/java.util.stream.ReferencePipeline$2$1.accept(ReferencePipeline.java:197) ~[na:na]
	at java.base/java.util.stream.ReferencePipeline$3$1.accept(ReferencePipeline.java:215) ~[na:na]
	at java.base/java.util.ArrayList$ArrayListSpliterator.forEachRemaining(ArrayList.java:1709) ~[na:na]
	at java.base/java.util.stream.AbstractPipeline.copyInto(AbstractPipeline.java:570) ~[na:na]
	at java.base/java.util.stream.AbstractPipeline.wrapAndCopyInto(AbstractPipeline.java:560) ~[na:na]
	at java.base/java.util.stream.ForEachOps$ForEachOp.evaluateSequential(ForEachOps.java:151) ~[na:na]
	at java.base/java.util.stream.ForEachOps$ForEachOp$OfRef.evaluateSequential(ForEachOps.java:174) ~[na:na]
	at java.base/java.util.stream.AbstractPipeline.evaluate(AbstractPipeline.java:265) ~[na:na]
	at java.base/java.util.stream.ReferencePipeline.forEach(ReferencePipeline.java:636) ~[na:na]
	at org.junit.jupiter.engine.descriptor.ClassBasedTestDescriptor.invokeTestInstancePostProcessors(ClassBasedTestDescriptor.java:377) ~[junit-jupiter-engine-5.11.4.jar:5.11.4]
	at org.junit.jupiter.engine.descriptor.ClassBasedTestDescriptor.lambda$instantiateAndPostProcessTestInstance$7(ClassBasedTestDescriptor.java:290) ~[junit-jupiter-engine-5.11.4.jar:5.11.4]
	at org.junit.platform.engine.support.hierarchical.ThrowableCollector.execute(ThrowableCollector.java:73) ~[junit-platform-engine-1.11.4.jar:1.11.4]
	at org.junit.jupiter.engine.descriptor.ClassBasedTestDescriptor.instantiateAndPostProcessTestInstance(ClassBasedTestDescriptor.java:289) ~[junit-jupiter-engine-5.11.4.jar:5.11.4]
	at org.junit.jupiter.engine.descriptor.ClassBasedTestDescriptor.lambda$testInstancesProvider$5(ClassBasedTestDescriptor.java:279) ~[junit-jupiter-engine-5.11.4.jar:5.11.4]
	at java.base/java.util.Optional.orElseGet(Optional.java:364) ~[na:na]
	at org.junit.jupiter.engine.descriptor.ClassBasedTestDescriptor.lambda$testInstancesProvider$6(ClassBasedTestDescriptor.java:278) ~[junit-jupiter-engine-5.11.4.jar:5.11.4]
	at org.junit.jupiter.engine.execution.TestInstancesProvider.getTestInstances(TestInstancesProvider.java:31) ~[junit-jupiter-engine-5.11.4.jar:5.11.4]
	at org.junit.jupiter.engine.descriptor.TestMethodTestDescriptor.lambda$prepare$1(TestMethodTestDescriptor.java:105) ~[junit-jupiter-engine-5.11.4.jar:5.11.4]
	at org.junit.platform.engine.support.hierarchical.ThrowableCollector.execute(ThrowableCollector.java:73) ~[junit-platform-engine-1.11.4.jar:1.11.4]
	at org.junit.jupiter.engine.descriptor.TestMethodTestDescriptor.prepare(TestMethodTestDescriptor.java:104) ~[junit-jupiter-engine-5.11.4.jar:5.11.4]
	at org.junit.jupiter.engine.descriptor.TestMethodTestDescriptor.prepare(TestMethodTestDescriptor.java:68) ~[junit-jupiter-engine-5.11.4.jar:5.11.4]
	at org.junit.platform.engine.support.hierarchical.NodeTestTask.lambda$prepare$2(NodeTestTask.java:128) ~[junit-platform-engine-1.11.4.jar:1.11.4]
	at org.junit.platform.engine.support.hierarchical.ThrowableCollector.execute(ThrowableCollector.java:73) ~[junit-platform-engine-1.11.4.jar:1.11.4]
	at org.junit.platform.engine.support.hierarchical.NodeTestTask.prepare(NodeTestTask.java:128) ~[junit-platform-engine-1.11.4.jar:1.11.4]
	at org.junit.platform.engine.support.hierarchical.NodeTestTask.execute(NodeTestTask.java:95) ~[junit-platform-engine-1.11.4.jar:1.11.4]
	at java.base/java.util.ArrayList.forEach(ArrayList.java:1597) ~[na:na]
	at org.junit.platform.engine.support.hierarchical.SameThreadHierarchicalTestExecutorService.invokeAll(SameThreadHierarchicalTestExecutorService.java:41) ~[junit-platform-engine-1.11.4.jar:1.11.4]
	at org.junit.platform.engine.support.hierarchical.NodeTestTask.lambda$executeRecursively$6(NodeTestTask.java:160) ~[junit-platform-engine-1.11.4.jar:1.11.4]
	at org.junit.platform.engine.support.hierarchical.ThrowableCollector.execute(ThrowableCollector.java:73) ~[junit-platform-engine-1.11.4.jar:1.11.4]
	at org.junit.platform.engine.support.hierarchical.NodeTestTask.lambda$executeRecursively$8(NodeTestTask.java:146) ~[junit-platform-engine-1.11.4.jar:1.11.4]
	at org.junit.platform.engine.support.hierarchical.Node.around(Node.java:137) ~[junit-platform-engine-1.11.4.jar:1.11.4]
	at org.junit.platform.engine.support.hierarchical.NodeTestTask.lambda$executeRecursively$9(NodeTestTask.java:144) ~[junit-platform-engine-1.11.4.jar:1.11.4]
	at org.junit.platform.engine.support.hierarchical.ThrowableCollector.execute(ThrowableCollector.java:73) ~[junit-platform-engine-1.11.4.jar:1.11.4]
	at org.junit.platform.engine.support.hierarchical.NodeTestTask.executeRecursively(NodeTestTask.java:143) ~[junit-platform-engine-1.11.4.jar:1.11.4]
	at org.junit.platform.engine.support.hierarchical.NodeTestTask.execute(NodeTestTask.java:100) ~[junit-platform-engine-1.11.4.jar:1.11.4]
	at java.base/java.util.ArrayList.forEach(ArrayList.java:1597) ~[na:na]
	at org.junit.platform.engine.support.hierarchical.SameThreadHierarchicalTestExecutorService.invokeAll(SameThreadHierarchicalTestExecutorService.java:41) ~[junit-platform-engine-1.11.4.jar:1.11.4]
	at org.junit.platform.engine.support.hierarchical.NodeTestTask.lambda$executeRecursively$6(NodeTestTask.java:160) ~[junit-platform-engine-1.11.4.jar:1.11.4]
	at org.junit.platform.engine.support.hierarchical.ThrowableCollector.execute(ThrowableCollector.java:73) ~[junit-platform-engine-1.11.4.jar:1.11.4]
	at org.junit.platform.engine.support.hierarchical.NodeTestTask.lambda$executeRecursively$8(NodeTestTask.java:146) ~[junit-platform-engine-1.11.4.jar:1.11.4]
	at org.junit.platform.engine.support.hierarchical.Node.around(Node.java:137) ~[junit-platform-engine-1.11.4.jar:1.11.4]
	at org.junit.platform.engine.support.hierarchical.NodeTestTask.lambda$executeRecursively$9(NodeTestTask.java:144) ~[junit-platform-engine-1.11.4.jar:1.11.4]
	at org.junit.platform.engine.support.hierarchical.ThrowableCollector.execute(ThrowableCollector.java:73) ~[junit-platform-engine-1.11.4.jar:1.11.4]
	at org.junit.platform.engine.support.hierarchical.NodeTestTask.executeRecursively(NodeTestTask.java:143) ~[junit-platform-engine-1.11.4.jar:1.11.4]
	at org.junit.platform.engine.support.hierarchical.NodeTestTask.execute(NodeTestTask.java:100) ~[junit-platform-engine-1.11.4.jar:1.11.4]
	at org.junit.platform.engine.support.hierarchical.SameThreadHierarchicalTestExecutorService.submit(SameThreadHierarchicalTestExecutorService.java:35) ~[junit-platform-engine-1.11.4.jar:1.11.4]
	at org.junit.platform.engine.support.hierarchical.HierarchicalTestExecutor.execute(HierarchicalTestExecutor.java:57) ~[junit-platform-engine-1.11.4.jar:1.11.4]
	at org.junit.platform.engine.support.hierarchical.HierarchicalTestEngine.execute(HierarchicalTestEngine.java:54) ~[junit-platform-engine-1.11.4.jar:1.11.4]
	at org.junit.platform.launcher.core.EngineExecutionOrchestrator.execute(EngineExecutionOrchestrator.java:198) ~[junit-platform-launcher-1.11.4.jar:1.11.4]
	at org.junit.platform.launcher.core.EngineExecutionOrchestrator.execute(EngineExecutionOrchestrator.java:169) ~[junit-platform-launcher-1.11.4.jar:1.11.4]
	at org.junit.platform.launcher.core.EngineExecutionOrchestrator.execute(EngineExecutionOrchestrator.java:93) ~[junit-platform-launcher-1.11.4.jar:1.11.4]
	at org.junit.platform.launcher.core.EngineExecutionOrchestrator.lambda$execute$0(EngineExecutionOrchestrator.java:58) ~[junit-platform-launcher-1.11.4.jar:1.11.4]
	at org.junit.platform.launcher.core.EngineExecutionOrchestrator.withInterceptedStreams(EngineExecutionOrchestrator.java:141) ~[junit-platform-launcher-1.11.4.jar:1.11.4]
	at org.junit.platform.launcher.core.EngineExecutionOrchestrator.execute(EngineExecutionOrchestrator.java:57) ~[junit-platform-launcher-1.11.4.jar:1.11.4]
	at org.junit.platform.launcher.core.DefaultLauncher.execute(DefaultLauncher.java:103) ~[junit-platform-launcher-1.11.4.jar:1.11.4]
	at org.junit.platform.launcher.core.DefaultLauncher.execute(DefaultLauncher.java:85) ~[junit-platform-launcher-1.11.4.jar:1.11.4]
	at org.junit.platform.launcher.core.DelegatingLauncher.execute(DelegatingLauncher.java:47) ~[junit-platform-launcher-1.11.4.jar:1.11.4]
	at org.gradle.api.internal.tasks.testing.junitplatform.JUnitPlatformTestClassProcessor$CollectAllTestClassesExecutor.processAllTestClasses(JUnitPlatformTestClassProcessor.java:124) ~[na:na]
	at org.gradle.api.internal.tasks.testing.junitplatform.JUnitPlatformTestClassProcessor$CollectAllTestClassesExecutor.access$000(JUnitPlatformTestClassProcessor.java:99) ~[na:na]
	at org.gradle.api.internal.tasks.testing.junitplatform.JUnitPlatformTestClassProcessor.stop(JUnitPlatformTestClassProcessor.java:94) ~[na:na]
	at org.gradle.api.internal.tasks.testing.SuiteTestClassProcessor.stop(SuiteTestClassProcessor.java:63) ~[na:na]
	at java.base/jdk.internal.reflect.DirectMethodHandleAccessor.invoke(DirectMethodHandleAccessor.java:103) ~[na:na]
	at java.base/java.lang.reflect.Method.invoke(Method.java:580) ~[na:na]
	at org.gradle.internal.dispatch.ReflectionDispatch.dispatch(ReflectionDispatch.java:36) ~[na:na]
	at org.gradle.internal.dispatch.ReflectionDispatch.dispatch(ReflectionDispatch.java:24) ~[na:na]
	at org.gradle.internal.dispatch.ContextClassLoaderDispatch.dispatch(ContextClassLoaderDispatch.java:33) ~[na:na]
	at org.gradle.internal.dispatch.ProxyDispatchAdapter$DispatchingInvocationHandler.invoke(ProxyDispatchAdapter.java:92) ~[na:na]
	at jdk.proxy1/jdk.proxy1.$Proxy4.stop(Unknown Source) ~[na:na]
	at org.gradle.api.internal.tasks.testing.worker.TestWorker$3.run(TestWorker.java:200) ~[na:na]
	at org.gradle.api.internal.tasks.testing.worker.TestWorker.executeAndMaintainThreadName(TestWorker.java:132) ~[na:na]
	at org.gradle.api.internal.tasks.testing.worker.TestWorker.execute(TestWorker.java:103) ~[na:na]
	at org.gradle.api.internal.tasks.testing.worker.TestWorker.execute(TestWorker.java:63) ~[na:na]
	at org.gradle.process.internal.worker.child.ActionExecutionWorker.execute(ActionExecutionWorker.java:56) ~[na:na]
	at org.gradle.process.internal.worker.child.SystemApplicationClassLoaderWorker.call(SystemApplicationClassLoaderWorker.java:121) ~[na:na]
	at org.gradle.process.internal.worker.child.SystemApplicationClassLoaderWorker.call(SystemApplicationClassLoaderWorker.java:71) ~[na:na]
	at worker.org.gradle.process.internal.worker.GradleWorkerMain.run(GradleWorkerMain.java:69) ~[gradle-worker.jar:na]
	at worker.org.gradle.process.internal.worker.GradleWorkerMain.main(GradleWorkerMain.java:74) ~[gradle-worker.jar:na]

2025-04-06T12:38:06.858+03:00 DEBUG 63042 --- [    Test worker] org.apache.catalina.core.ContainerBase   : Add container child [StandardHost[localhost]] to container [StandardEngine[Tomcat]]
2025-04-06T12:38:06.858+03:00 DEBUG 63042 --- [    Test worker] .s.b.w.e.t.TomcatServletWebServerFactory : Code archive: /Users/vanonatobaidze/.gradle/caches/modules-2/files-2.1/org.springframework.boot/spring-boot/3.4.3/a7138bcecd59ed27660b3894a7812d65db4951e6/spring-boot-3.4.3.jar
2025-04-06T12:38:06.858+03:00 DEBUG 63042 --- [    Test worker] .s.b.w.e.t.TomcatServletWebServerFactory : Code archive: /Users/vanonatobaidze/.gradle/caches/modules-2/files-2.1/org.springframework.boot/spring-boot/3.4.3/a7138bcecd59ed27660b3894a7812d65db4951e6/spring-boot-3.4.3.jar
2025-04-06T12:38:06.858+03:00 DEBUG 63042 --- [    Test worker] .s.b.w.e.t.TomcatServletWebServerFactory : None of the document roots [src/main/webapp, public, static] point to a directory and will be ignored.
2025-04-06T12:38:06.865+03:00 DEBUG 63042 --- [    Test worker] org.apache.catalina.core.ContainerBase   : Add container child [TomcatEmbeddedContext[]] to container [StandardEngine[Tomcat].StandardHost[localhost]]
2025-04-06T12:38:06.867+03:00  INFO 63042 --- [    Test worker] o.s.b.w.embedded.tomcat.TomcatWebServer  : Tomcat initialized with port 8080 (http)
2025-04-06T12:38:06.873+03:00  INFO 63042 --- [    Test worker] o.apache.catalina.core.StandardService   : Starting service [Tomcat]
2025-04-06T12:38:06.873+03:00  INFO 63042 --- [    Test worker] o.apache.catalina.core.StandardEngine    : Starting Servlet engine: [Apache Tomcat/10.1.36]
2025-04-06T12:38:06.888+03:00 DEBUG 63042 --- [    Test worker] o.apache.catalina.loader.WebappLoader    : Starting this Loader
2025-04-06T12:38:06.889+03:00 DEBUG 63042 --- [    Test worker] org.apache.catalina.webresources.Cache   : Increased cache size by [531] for item [org.apache.catalina.webresources.CachedResource@74a74070] at [/WEB-INF/classes] making total cache size [531]
2025-04-06T12:38:06.891+03:00 DEBUG 63042 --- [    Test worker] o.apache.catalina.core.StandardContext   : No manager found. Checking if cluster manager should be used. Cluster configured: [false], Application distributable: [false]
2025-04-06T12:38:06.892+03:00 DEBUG 63042 --- [    Test worker] o.apache.catalina.core.StandardContext   : Configured a manager of class [org.apache.catalina.session.StandardManager]
2025-04-06T12:38:06.894+03:00  INFO 63042 --- [    Test worker] o.a.c.c.C.[Tomcat].[localhost].[/]       : Initializing Spring embedded WebApplicationContext
2025-04-06T12:38:06.894+03:00 DEBUG 63042 --- [    Test worker] w.s.c.ServletWebServerApplicationContext : Published root WebApplicationContext as ServletContext attribute with name [org.springframework.web.context.WebApplicationContext.ROOT]
2025-04-06T12:38:06.894+03:00  INFO 63042 --- [    Test worker] w.s.c.ServletWebServerApplicationContext : Root WebApplicationContext: initialization completed in 420 ms
2025-04-06T12:38:06.896+03:00 DEBUG 63042 --- [    Test worker] o.s.b.f.s.DefaultListableBeanFactory     : Creating shared instance of singleton bean 'requestContextFilter'
2025-04-06T12:38:06.897+03:00 DEBUG 63042 --- [    Test worker] o.s.b.f.s.DefaultListableBeanFactory     : Creating shared instance of singleton bean 'formContentFilter'
2025-04-06T12:38:06.897+03:00 DEBUG 63042 --- [    Test worker] o.s.b.f.s.DefaultListableBeanFactory     : Creating shared instance of singleton bean 'org.springframework.boot.autoconfigure.web.servlet.WebMvcAutoConfiguration'
2025-04-06T12:38:06.898+03:00 DEBUG 63042 --- [    Test worker] o.s.b.f.s.DefaultListableBeanFactory     : Creating shared instance of singleton bean 'characterEncodingFilter'
2025-04-06T12:38:06.901+03:00 DEBUG 63042 --- [    Test worker] o.s.b.w.s.ServletContextInitializerBeans : Mapping filters: characterEncodingFilter urls=[/*] order=-2147483648, formContentFilter urls=[/*] order=-9900, requestContextFilter urls=[/*] order=-105
2025-04-06T12:38:06.901+03:00 DEBUG 63042 --- [    Test worker] o.s.b.w.s.ServletContextInitializerBeans : Mapping servlets: dispatcherServlet urls=[/]
2025-04-06T12:38:06.902+03:00 DEBUG 63042 --- [    Test worker] org.apache.catalina.core.ContainerBase   : Add container child [StandardWrapper[dispatcherServlet]] to container [StandardEngine[Tomcat].StandardHost[localhost].TomcatEmbeddedContext[]]
2025-04-06T12:38:06.909+03:00 DEBUG 63042 --- [    Test worker] o.s.b.w.s.f.OrderedRequestContextFilter  : Filter 'requestContextFilter' configured for use
2025-04-06T12:38:06.910+03:00 DEBUG 63042 --- [    Test worker] s.b.w.s.f.OrderedCharacterEncodingFilter : Filter 'characterEncodingFilter' configured for use
2025-04-06T12:38:06.910+03:00 DEBUG 63042 --- [    Test worker] o.s.b.w.s.f.OrderedFormContentFilter     : Filter 'formContentFilter' configured for use
2025-04-06T12:38:06.911+03:00 DEBUG 63042 --- [    Test worker] org.apache.catalina.mapper.Mapper        : Registered host [localhost]
2025-04-06T12:38:06.911+03:00 DEBUG 63042 --- [    Test worker] o.apache.catalina.mapper.MapperListener  : Register Wrapper [dispatcherServlet] in Context [] for service [StandardService[Tomcat]]
2025-04-06T12:38:06.911+03:00 DEBUG 63042 --- [    Test worker] o.apache.catalina.mapper.MapperListener  : Register Context [] for service [StandardService[Tomcat]]
2025-04-06T12:38:06.911+03:00 DEBUG 63042 --- [    Test worker] o.apache.catalina.mapper.MapperListener  : Register host [localhost] at domain [null] for service [StandardService[Tomcat]]
2025-04-06T12:38:06.913+03:00 DEBUG 63042 --- [    Test worker] o.s.b.f.s.DefaultListableBeanFactory     : Creating shared instance of singleton bean 'org.springframework.test.context.support.internalDynamicPropertyRegistrarBeanInitializer'
2025-04-06T12:38:06.913+03:00 DEBUG 63042 --- [    Test worker] o.s.b.f.s.DefaultListableBeanFactory     : Creating shared instance of singleton bean 'dataSourceScriptDatabaseInitializer'
2025-04-06T12:38:06.914+03:00 DEBUG 63042 --- [    Test worker] o.s.b.f.s.DefaultListableBeanFactory     : Creating shared instance of singleton bean 'org.springframework.boot.autoconfigure.sql.init.DataSourceInitializationConfiguration'
2025-04-06T12:38:06.914+03:00 DEBUG 63042 --- [    Test worker] o.s.b.f.s.DefaultListableBeanFactory     : Creating shared instance of singleton bean 'dataSource'
2025-04-06T12:38:06.914+03:00 DEBUG 63042 --- [    Test worker] o.s.b.f.s.DefaultListableBeanFactory     : Creating shared instance of singleton bean 'org.springframework.boot.autoconfigure.jdbc.DataSourceConfiguration$Hikari'
2025-04-06T12:38:06.914+03:00 DEBUG 63042 --- [    Test worker] o.s.b.f.s.DefaultListableBeanFactory     : Creating shared instance of singleton bean 'spring.datasource-org.springframework.boot.autoconfigure.jdbc.DataSourceProperties'
2025-04-06T12:38:06.916+03:00 DEBUG 63042 --- [    Test worker] o.s.b.f.s.DefaultListableBeanFactory     : Creating shared instance of singleton bean 'jdbcConnectionDetails'
2025-04-06T12:38:06.917+03:00 DEBUG 63042 --- [    Test worker] o.s.b.f.s.DefaultListableBeanFactory     : Creating shared instance of singleton bean 'org.springframework.boot.autoconfigure.jdbc.DataSourceAutoConfiguration$PooledDataSourceConfiguration'
2025-04-06T12:38:06.917+03:00 DEBUG 63042 --- [    Test worker] o.s.b.f.s.DefaultListableBeanFactory     : Autowiring by type from bean name 'jdbcConnectionDetails' via factory method to bean named 'spring.datasource-org.springframework.boot.autoconfigure.jdbc.DataSourceProperties'
2025-04-06T12:38:06.917+03:00 DEBUG 63042 --- [    Test worker] o.s.b.f.s.DefaultListableBeanFactory     : Autowiring by type from bean name 'dataSource' via factory method to bean named 'spring.datasource-org.springframework.boot.autoconfigure.jdbc.DataSourceProperties'
2025-04-06T12:38:06.917+03:00 DEBUG 63042 --- [    Test worker] o.s.b.f.s.DefaultListableBeanFactory     : Autowiring by type from bean name 'dataSource' via factory method to bean named 'jdbcConnectionDetails'
2025-04-06T12:38:06.918+03:00 DEBUG 63042 --- [    Test worker] com.zaxxer.hikari.HikariConfig           : Driver class org.h2.Driver found in Thread context class loader jdk.internal.loader.ClassLoaders$AppClassLoader@18ff02e4
2025-04-06T12:38:06.925+03:00 DEBUG 63042 --- [    Test worker] o.s.b.f.s.DefaultListableBeanFactory     : Creating shared instance of singleton bean 'spring.sql.init-org.springframework.boot.autoconfigure.sql.init.SqlInitializationProperties'
2025-04-06T12:38:06.927+03:00 DEBUG 63042 --- [    Test worker] o.s.b.f.s.DefaultListableBeanFactory     : Autowiring by type from bean name 'dataSourceScriptDatabaseInitializer' via factory method to bean named 'dataSource'
2025-04-06T12:38:06.927+03:00 DEBUG 63042 --- [    Test worker] o.s.b.f.s.DefaultListableBeanFactory     : Autowiring by type from bean name 'dataSourceScriptDatabaseInitializer' via factory method to bean named 'spring.sql.init-org.springframework.boot.autoconfigure.sql.init.SqlInitializationProperties'
2025-04-06T12:38:06.929+03:00 DEBUG 63042 --- [    Test worker] o.s.b.f.s.DefaultListableBeanFactory     : Creating shared instance of singleton bean 'entityManagerFactory'
2025-04-06T12:38:06.930+03:00 DEBUG 63042 --- [    Test worker] o.s.b.f.s.DefaultListableBeanFactory     : Creating shared instance of singleton bean 'org.springframework.boot.autoconfigure.orm.jpa.HibernateJpaConfiguration'
2025-04-06T12:38:06.930+03:00 DEBUG 63042 --- [    Test worker] o.s.b.f.s.DefaultListableBeanFactory     : Creating shared instance of singleton bean 'spring.jpa-org.springframework.boot.autoconfigure.orm.jpa.JpaProperties'
2025-04-06T12:38:06.931+03:00 DEBUG 63042 --- [    Test worker] o.s.b.f.s.DefaultListableBeanFactory     : Creating shared instance of singleton bean 'spring.jpa.hibernate-org.springframework.boot.autoconfigure.orm.jpa.HibernateProperties'
2025-04-06T12:38:06.931+03:00 DEBUG 63042 --- [    Test worker] o.s.b.f.s.DefaultListableBeanFactory     : Autowiring by type from bean name 'org.springframework.boot.autoconfigure.orm.jpa.HibernateJpaConfiguration' via constructor to bean named 'dataSource'
2025-04-06T12:38:06.932+03:00 DEBUG 63042 --- [    Test worker] o.s.b.f.s.DefaultListableBeanFactory     : Autowiring by type from bean name 'org.springframework.boot.autoconfigure.orm.jpa.HibernateJpaConfiguration' via constructor to bean named 'spring.jpa-org.springframework.boot.autoconfigure.orm.jpa.JpaProperties'
2025-04-06T12:38:06.932+03:00 DEBUG 63042 --- [    Test worker] o.s.b.f.s.DefaultListableBeanFactory     : Autowiring by type from bean name 'org.springframework.boot.autoconfigure.orm.jpa.HibernateJpaConfiguration' via constructor to bean named 'org.springframework.beans.factory.support.DefaultListableBeanFactory@41e9f86'
2025-04-06T12:38:06.932+03:00 DEBUG 63042 --- [    Test worker] o.s.b.f.s.DefaultListableBeanFactory     : Autowiring by type from bean name 'org.springframework.boot.autoconfigure.orm.jpa.HibernateJpaConfiguration' via constructor to bean named 'spring.jpa.hibernate-org.springframework.boot.autoconfigure.orm.jpa.HibernateProperties'
2025-04-06T12:38:06.933+03:00 DEBUG 63042 --- [    Test worker] o.s.b.f.s.DefaultListableBeanFactory     : Creating shared instance of singleton bean 'hikariPoolDataSourceMetadataProvider'
2025-04-06T12:38:06.933+03:00 DEBUG 63042 --- [    Test worker] o.s.b.f.s.DefaultListableBeanFactory     : Creating shared instance of singleton bean 'org.springframework.boot.autoconfigure.jdbc.metadata.DataSourcePoolMetadataProvidersConfiguration$HikariPoolDataSourceMetadataProviderConfiguration'
2025-04-06T12:38:06.935+03:00 DEBUG 63042 --- [    Test worker] o.s.b.f.s.DefaultListableBeanFactory     : Creating shared instance of singleton bean 'entityManagerFactoryBuilder'
2025-04-06T12:38:06.935+03:00 DEBUG 63042 --- [    Test worker] o.s.b.f.s.DefaultListableBeanFactory     : Creating shared instance of singleton bean 'jpaVendorAdapter'
2025-04-06T12:38:06.939+03:00 DEBUG 63042 --- [    Test worker] org.jboss.logging                        : Logging Provider: org.jboss.logging.Slf4jLoggerProvider found via system property
2025-04-06T12:38:06.941+03:00 DEBUG 63042 --- [    Test worker] o.s.b.f.s.DefaultListableBeanFactory     : Autowiring by type from bean name 'entityManagerFactoryBuilder' via factory method to bean named 'jpaVendorAdapter'
2025-04-06T12:38:06.943+03:00 DEBUG 63042 --- [    Test worker] o.s.jdbc.datasource.DataSourceUtils      : Fetching JDBC Connection from DataSource
2025-04-06T12:38:06.944+03:00 DEBUG 63042 --- [    Test worker] com.zaxxer.hikari.HikariConfig           : HikariPool-1 - configuration:
2025-04-06T12:38:06.945+03:00 DEBUG 63042 --- [    Test worker] com.zaxxer.hikari.HikariConfig           : allowPoolSuspension.............false
2025-04-06T12:38:06.945+03:00 DEBUG 63042 --- [    Test worker] com.zaxxer.hikari.HikariConfig           : autoCommit......................true
2025-04-06T12:38:06.945+03:00 DEBUG 63042 --- [    Test worker] com.zaxxer.hikari.HikariConfig           : catalog.........................none
2025-04-06T12:38:06.945+03:00 DEBUG 63042 --- [    Test worker] com.zaxxer.hikari.HikariConfig           : connectionInitSql...............none
2025-04-06T12:38:06.945+03:00 DEBUG 63042 --- [    Test worker] com.zaxxer.hikari.HikariConfig           : connectionTestQuery.............none
2025-04-06T12:38:06.945+03:00 DEBUG 63042 --- [    Test worker] com.zaxxer.hikari.HikariConfig           : connectionTimeout...............30000
2025-04-06T12:38:06.945+03:00 DEBUG 63042 --- [    Test worker] com.zaxxer.hikari.HikariConfig           : dataSource......................none
2025-04-06T12:38:06.945+03:00 DEBUG 63042 --- [    Test worker] com.zaxxer.hikari.HikariConfig           : dataSourceClassName.............none
2025-04-06T12:38:06.946+03:00 DEBUG 63042 --- [    Test worker] com.zaxxer.hikari.HikariConfig           : dataSourceJNDI..................none
2025-04-06T12:38:06.946+03:00 DEBUG 63042 --- [    Test worker] com.zaxxer.hikari.HikariConfig           : dataSourceProperties............{password=<masked>}
2025-04-06T12:38:06.946+03:00 DEBUG 63042 --- [    Test worker] com.zaxxer.hikari.HikariConfig           : driverClassName................."org.h2.Driver"
2025-04-06T12:38:06.946+03:00 DEBUG 63042 --- [    Test worker] com.zaxxer.hikari.HikariConfig           : exceptionOverrideClassName......none
2025-04-06T12:38:06.946+03:00 DEBUG 63042 --- [    Test worker] com.zaxxer.hikari.HikariConfig           : healthCheckProperties...........{}
2025-04-06T12:38:06.946+03:00 DEBUG 63042 --- [    Test worker] com.zaxxer.hikari.HikariConfig           : healthCheckRegistry.............none
2025-04-06T12:38:06.946+03:00 DEBUG 63042 --- [    Test worker] com.zaxxer.hikari.HikariConfig           : idleTimeout.....................600000
2025-04-06T12:38:06.946+03:00 DEBUG 63042 --- [    Test worker] com.zaxxer.hikari.HikariConfig           : initializationFailTimeout.......1
2025-04-06T12:38:06.946+03:00 DEBUG 63042 --- [    Test worker] com.zaxxer.hikari.HikariConfig           : isolateInternalQueries..........false
2025-04-06T12:38:06.946+03:00 DEBUG 63042 --- [    Test worker] com.zaxxer.hikari.HikariConfig           : jdbcUrl.........................jdbc:h2:mem:4263c6bd-775c-4b0c-9d1e-814281f93129;DB_CLOSE_DELAY=-1;DB_CLOSE_ON_EXIT=FALSE
2025-04-06T12:38:06.946+03:00 DEBUG 63042 --- [    Test worker] com.zaxxer.hikari.HikariConfig           : keepaliveTime...................0
2025-04-06T12:38:06.946+03:00 DEBUG 63042 --- [    Test worker] com.zaxxer.hikari.HikariConfig           : leakDetectionThreshold..........0
2025-04-06T12:38:06.946+03:00 DEBUG 63042 --- [    Test worker] com.zaxxer.hikari.HikariConfig           : maxLifetime.....................1800000
2025-04-06T12:38:06.946+03:00 DEBUG 63042 --- [    Test worker] com.zaxxer.hikari.HikariConfig           : maximumPoolSize.................10
2025-04-06T12:38:06.946+03:00 DEBUG 63042 --- [    Test worker] com.zaxxer.hikari.HikariConfig           : metricRegistry..................none
2025-04-06T12:38:06.946+03:00 DEBUG 63042 --- [    Test worker] com.zaxxer.hikari.HikariConfig           : metricsTrackerFactory...........none
2025-04-06T12:38:06.946+03:00 DEBUG 63042 --- [    Test worker] com.zaxxer.hikari.HikariConfig           : minimumIdle.....................10
2025-04-06T12:38:06.946+03:00 DEBUG 63042 --- [    Test worker] com.zaxxer.hikari.HikariConfig           : password........................<masked>
2025-04-06T12:38:06.946+03:00 DEBUG 63042 --- [    Test worker] com.zaxxer.hikari.HikariConfig           : poolName........................"HikariPool-1"
2025-04-06T12:38:06.946+03:00 DEBUG 63042 --- [    Test worker] com.zaxxer.hikari.HikariConfig           : readOnly........................false
2025-04-06T12:38:06.946+03:00 DEBUG 63042 --- [    Test worker] com.zaxxer.hikari.HikariConfig           : registerMbeans..................false
2025-04-06T12:38:06.946+03:00 DEBUG 63042 --- [    Test worker] com.zaxxer.hikari.HikariConfig           : scheduledExecutor...............none
2025-04-06T12:38:06.946+03:00 DEBUG 63042 --- [    Test worker] com.zaxxer.hikari.HikariConfig           : schema..........................none
2025-04-06T12:38:06.947+03:00 DEBUG 63042 --- [    Test worker] com.zaxxer.hikari.HikariConfig           : threadFactory...................internal
2025-04-06T12:38:06.947+03:00 DEBUG 63042 --- [    Test worker] com.zaxxer.hikari.HikariConfig           : transactionIsolation............default
2025-04-06T12:38:06.947+03:00 DEBUG 63042 --- [    Test worker] com.zaxxer.hikari.HikariConfig           : username........................"sa"
2025-04-06T12:38:06.947+03:00 DEBUG 63042 --- [    Test worker] com.zaxxer.hikari.HikariConfig           : validationTimeout...............5000
2025-04-06T12:38:06.947+03:00  INFO 63042 --- [    Test worker] com.zaxxer.hikari.HikariDataSource       : HikariPool-1 - Starting...
2025-04-06T12:38:07.004+03:00  INFO 63042 --- [    Test worker] com.zaxxer.hikari.pool.HikariPool        : HikariPool-1 - Added connection conn0: url=jdbc:h2:mem:4263c6bd-775c-4b0c-9d1e-814281f93129 user=SA
2025-04-06T12:38:07.005+03:00  INFO 63042 --- [    Test worker] com.zaxxer.hikari.HikariDataSource       : HikariPool-1 - Start completed.
2025-04-06T12:38:07.015+03:00 DEBUG 63042 --- [    Test worker] o.s.b.f.s.DefaultListableBeanFactory     : Creating shared instance of singleton bean 'persistenceManagedTypes'
2025-04-06T12:38:07.016+03:00 DEBUG 63042 --- [    Test worker] o.s.b.f.s.DefaultListableBeanFactory     : Autowiring by type from bean name 'persistenceManagedTypes' via factory method to bean named 'org.springframework.beans.factory.support.DefaultListableBeanFactory@41e9f86'
2025-04-06T12:38:07.016+03:00 DEBUG 63042 --- [    Test worker] o.s.b.f.s.DefaultListableBeanFactory     : Autowiring by type from bean name 'persistenceManagedTypes' via factory method to bean named 'org.springframework.boot.web.servlet.context.AnnotationConfigServletWebServerApplicationContext@104dc1a2'
2025-04-06T12:38:07.018+03:00 DEBUG 63042 --- [    Test worker] o.s.b.f.s.DefaultListableBeanFactory     : Autowiring by type from bean name 'entityManagerFactory' via factory method to bean named 'entityManagerFactoryBuilder'
2025-04-06T12:38:07.019+03:00 DEBUG 63042 --- [    Test worker] o.s.b.f.s.DefaultListableBeanFactory     : Autowiring by type from bean name 'entityManagerFactory' via factory method to bean named 'persistenceManagedTypes'
2025-04-06T12:38:07.022+03:00 DEBUG 63042 --- [    Test worker] j.LocalContainerEntityManagerFactoryBean : Building JPA container EntityManagerFactory for persistence unit 'default'
2025-04-06T12:38:07.030+03:00 DEBUG 63042 --- [    Test worker] o.hibernate.jpa.internal.util.LogHelper  : PersistenceUnitInfo [
	name: default
	persistence provider classname: null
	classloader: jdk.internal.loader.ClassLoaders$AppClassLoader@18ff02e4
	excludeUnlistedClasses: true
	JTA datasource: null
	Non JTA datasource: HikariDataSource (HikariPool-1)
	Transaction type: RESOURCE_LOCAL
	PU root URL: file:/Users/vanonatobaidze/projects/pactflow/pactflow-provider/build/classes/java/test/
	Shared Cache Mode: UNSPECIFIED
	Validation Mode: AUTO
	Jar files URLs []
	Managed classes names [
		com.example.springboot.Product]
	Mapping files names []
	Properties []
2025-04-06T12:38:07.032+03:00 DEBUG 63042 --- [    Test worker] o.h.i.internal.IntegratorServiceImpl     : Adding Integrator [org.hibernate.boot.beanvalidation.BeanValidationIntegrator].
2025-04-06T12:38:07.032+03:00 DEBUG 63042 --- [    Test worker] o.h.i.internal.IntegratorServiceImpl     : Adding Integrator [org.hibernate.cache.internal.CollectionCacheInvalidator].
2025-04-06T12:38:07.045+03:00  INFO 63042 --- [    Test worker] org.hibernate.Version                    : HHH000412: Hibernate ORM core version 6.6.8.Final
2025-04-06T12:38:07.046+03:00 DEBUG 63042 --- [    Test worker] org.hibernate.cfg.Environment            : HHH000206: 'hibernate.properties' not found
2025-04-06T12:38:07.053+03:00 DEBUG 63042 --- [    Test worker] org.hibernate.orm.idgen.factory          : Registering IdentifierGenerator strategy [uuid2] -> [org.hibernate.id.UUIDGenerator]
2025-04-06T12:38:07.053+03:00 DEBUG 63042 --- [    Test worker] org.hibernate.orm.idgen.factory          : Registering IdentifierGenerator strategy [guid] -> [org.hibernate.id.GUIDGenerator]
2025-04-06T12:38:07.053+03:00 DEBUG 63042 --- [    Test worker] org.hibernate.orm.idgen.factory          : Registering IdentifierGenerator strategy [uuid] -> [org.hibernate.id.UUIDHexGenerator]
2025-04-06T12:38:07.053+03:00 DEBUG 63042 --- [    Test worker] org.hibernate.orm.idgen.factory          : Registering IdentifierGenerator strategy [uuid.hex] -> [org.hibernate.id.UUIDHexGenerator]
2025-04-06T12:38:07.053+03:00 DEBUG 63042 --- [    Test worker] org.hibernate.orm.idgen.factory          : Registering IdentifierGenerator strategy [assigned] -> [org.hibernate.id.Assigned]
2025-04-06T12:38:07.053+03:00 DEBUG 63042 --- [    Test worker] org.hibernate.orm.idgen.factory          : Registering IdentifierGenerator strategy [identity] -> [org.hibernate.id.IdentityGenerator]
2025-04-06T12:38:07.053+03:00 DEBUG 63042 --- [    Test worker] org.hibernate.orm.idgen.factory          : Registering IdentifierGenerator strategy [select] -> [org.hibernate.id.SelectGenerator]
2025-04-06T12:38:07.054+03:00 DEBUG 63042 --- [    Test worker] org.hibernate.orm.idgen.factory          : Registering IdentifierGenerator strategy [sequence] -> [org.hibernate.id.enhanced.SequenceStyleGenerator]
[...]
2025-04-06T12:38:08.579+03:00 DEBUG 63042 --- [    Test worker] i.swagger.v3.parser.util.ResolverFully   : avoiding infinite loop
2025-04-06T12:38:08.579+03:00 DEBUG 63042 --- [    Test worker] i.swagger.v3.parser.util.ResolverFully   : avoiding infinite loop
2025-04-06T12:38:08.579+03:00 DEBUG 63042 --- [    Test worker] i.swagger.v3.parser.util.ResolverFully   : avoiding infinite loop
2025-04-06T12:38:08.579+03:00 DEBUG 63042 --- [    Test worker] i.swagger.v3.parser.util.ResolverFully   : avoiding infinite loop
2025-04-06T12:38:08.579+03:00 DEBUG 63042 --- [    Test worker] i.swagger.v3.parser.util.ResolverFully   : avoiding infinite loop
2025-04-06T12:38:08.579+03:00 DEBUG 63042 --- [    Test worker] i.swagger.v3.parser.util.ResolverFully   : avoiding infinite loop
2025-04-06T12:38:08.579+03:00 DEBUG 63042 --- [    Test worker] i.swagger.v3.parser.util.ResolverFully   : avoiding infinite loop
2025-04-06T12:38:08.580+03:00 DEBUG 63042 --- [    Test worker] DependencyInjectionTestExecutionListener : Performing dependency injection for test class com.example.springboot.ProductsAPITest
2025-04-06T12:38:08.580+03:00 DEBUG 63042 --- [    Test worker] org.springframework.test.context.cache   : Spring test ApplicationContext cache statistics: [DefaultContextCache@3f3b0b19 size = 1, maxSize = 32, parentContextCount = 0, hitCount = 65, missCount = 1, failureCount = 0]
2025-04-06T12:38:08.580+03:00 DEBUG 63042 --- [    Test worker] o.s.c.e.PropertySourcesPropertyResolver  : Found key 'local.server.port' in PropertySource 'environmentProperties' with value of type String
2025-04-06T12:38:08.580+03:00 DEBUG 63042 --- [    Test worker] org.springframework.test.context.cache   : Spring test ApplicationContext cache statistics: [DefaultContextCache@3f3b0b19 size = 1, maxSize = 32, parentContextCount = 0, hitCount = 66, missCount = 1, failureCount = 0]
2025-04-06T12:38:08.580+03:00 DEBUG 63042 --- [    Test worker] sContextBeforeModesTestExecutionListener : Before test method: class [ProductsAPITest], method [testListProducts], class annotated with @DirtiesContext [false] with mode [null], method annotated with @DirtiesContext [false] with mode [null]
2025-04-06T12:38:08.580+03:00 DEBUG 63042 --- [    Test worker] org.springframework.test.context.cache   : Spring test ApplicationContext cache statistics: [DefaultContextCache@3f3b0b19 size = 1, maxSize = 32, parentContextCount = 0, hitCount = 67, missCount = 1, failureCount = 0]
2025-04-06T12:38:08.580+03:00 DEBUG 63042 --- [    Test worker] org.springframework.test.context.cache   : Spring test ApplicationContext cache statistics: [DefaultContextCache@3f3b0b19 size = 1, maxSize = 32, parentContextCount = 0, hitCount = 68, missCount = 1, failureCount = 0]
2025-04-06T12:38:08.581+03:00 DEBUG 63042 --- [    Test worker] org.springframework.test.context.cache   : Spring test ApplicationContext cache statistics: [DefaultContextCache@3f3b0b19 size = 1, maxSize = 32, parentContextCount = 0, hitCount = 69, missCount = 1, failureCount = 0]
2025-04-06T12:38:08.581+03:00 DEBUG 63042 --- [    Test worker] org.springframework.test.context.cache   : Spring test ApplicationContext cache statistics: [DefaultContextCache@3f3b0b19 size = 1, maxSize = 32, parentContextCount = 0, hitCount = 70, missCount = 1, failureCount = 0]
2025-04-06T12:38:08.583+03:00 DEBUG 63042 --- [    Test worker] o.a.h.i.c.BasicClientConnectionManager   : Get connection for route {}->http://localhost:8080
2025-04-06T12:38:08.583+03:00 DEBUG 63042 --- [    Test worker] .a.h.i.c.DefaultClientConnectionOperator : Connecting to localhost:8080
2025-04-06T12:38:08.583+03:00 DEBUG 63042 --- [    Test worker] o.a.h.client.protocol.RequestAddCookies  : CookieSpec selected: ignoreCookies
2025-04-06T12:38:08.583+03:00 DEBUG 63042 --- [    Test worker] o.a.h.client.protocol.RequestAuthCache   : Auth cache not set in the context
2025-04-06T12:38:08.583+03:00 DEBUG 63042 --- [    Test worker] o.a.h.c.p.RequestTargetAuthentication    : Target auth state: UNCHALLENGED
2025-04-06T12:38:08.583+03:00 DEBUG 63042 --- [    Test worker] o.a.h.c.p.RequestProxyAuthentication     : Proxy auth state: UNCHALLENGED
2025-04-06T12:38:08.583+03:00 DEBUG 63042 --- [    Test worker] o.a.http.impl.client.DefaultHttpClient   : Attempt 1 to execute request
2025-04-06T12:38:08.583+03:00 DEBUG 63042 --- [    Test worker] o.a.h.impl.conn.DefaultClientConnection  : Sending request: GET /products HTTP/1.1
2025-04-06T12:38:08.583+03:00 DEBUG 63042 --- [    Test worker] org.apache.http.wire                     :  >> "GET /products HTTP/1.1[\r][\n]"
2025-04-06T12:38:08.583+03:00 DEBUG 63042 --- [    Test worker] org.apache.http.wire                     :  >> "Accept: */*[\r][\n]"
2025-04-06T12:38:08.583+03:00 DEBUG 63042 --- [    Test worker] org.apache.http.wire                     :  >> "Host: localhost:8080[\r][\n]"
2025-04-06T12:38:08.583+03:00 DEBUG 63042 --- [    Test worker] org.apache.http.wire                     :  >> "Connection: Keep-Alive[\r][\n]"
2025-04-06T12:38:08.583+03:00 DEBUG 63042 --- [    Test worker] org.apache.http.wire                     :  >> "User-Agent: Apache-HttpClient/4.5.14 (Java/23.0.2)[\r][\n]"
2025-04-06T12:38:08.583+03:00 DEBUG 63042 --- [    Test worker] org.apache.http.wire                     :  >> "Accept-Encoding: gzip,deflate[\r][\n]"
2025-04-06T12:38:08.583+03:00 DEBUG 63042 --- [    Test worker] org.apache.http.wire                     :  >> "[\r][\n]"
2025-04-06T12:38:08.583+03:00 DEBUG 63042 --- [    Test worker] org.apache.http.headers                  : >> GET /products HTTP/1.1
2025-04-06T12:38:08.583+03:00 DEBUG 63042 --- [    Test worker] org.apache.http.headers                  : >> Accept: */*
2025-04-06T12:38:08.583+03:00 DEBUG 63042 --- [    Test worker] org.apache.http.headers                  : >> Host: localhost:8080
2025-04-06T12:38:08.583+03:00 DEBUG 63042 --- [    Test worker] org.apache.http.headers                  : >> Connection: Keep-Alive
2025-04-06T12:38:08.583+03:00 DEBUG 63042 --- [    Test worker] org.apache.http.headers                  : >> User-Agent: Apache-HttpClient/4.5.14 (Java/23.0.2)
2025-04-06T12:38:08.583+03:00 DEBUG 63042 --- [    Test worker] org.apache.http.headers                  : >> Accept-Encoding: gzip,deflate
2025-04-06T12:38:08.584+03:00 DEBUG 63042 --- [nio-8080-exec-7] o.s.web.servlet.DispatcherServlet        : GET "/products", parameters={}
2025-04-06T12:38:08.584+03:00 DEBUG 63042 --- [nio-8080-exec-7] s.w.s.m.m.a.RequestMappingHandlerMapping : Mapped to com.example.springboot.ProductController#all()
2025-04-06T12:38:08.584+03:00 DEBUG 63042 --- [nio-8080-exec-7] o.j.s.OpenEntityManagerInViewInterceptor : Opening JPA EntityManager in OpenEntityManagerInViewInterceptor
2025-04-06T12:38:08.584+03:00 DEBUG 63042 --- [nio-8080-exec-7] o.s.orm.jpa.JpaTransactionManager        : Found thread-bound EntityManager [SessionImpl(986195379<open>)] for JPA transaction
2025-04-06T12:38:08.584+03:00 DEBUG 63042 --- [nio-8080-exec-7] o.s.orm.jpa.JpaTransactionManager        : Creating new transaction with name [org.springframework.data.jpa.repository.support.SimpleJpaRepository.findAll]: PROPAGATION_REQUIRED,ISOLATION_DEFAULT,readOnly
2025-04-06T12:38:08.584+03:00 DEBUG 63042 --- [nio-8080-exec-7] o.s.jdbc.datasource.DataSourceUtils      : Setting JDBC Connection [HikariProxyConnection@873450650 wrapping conn0: url=jdbc:h2:mem:4263c6bd-775c-4b0c-9d1e-814281f93129 user=SA] read-only
2025-04-06T12:38:08.584+03:00 DEBUG 63042 --- [nio-8080-exec-7] o.h.e.t.internal.TransactionImpl         : On TransactionImpl creation, JpaCompliance#isJpaTransactionComplianceEnabled == false
2025-04-06T12:38:08.584+03:00 DEBUG 63042 --- [nio-8080-exec-7] o.h.e.t.internal.TransactionImpl         : begin
2025-04-06T12:38:08.584+03:00 DEBUG 63042 --- [nio-8080-exec-7] o.s.orm.jpa.JpaTransactionManager        : Exposing JPA transaction as JDBC [org.springframework.orm.jpa.vendor.HibernateJpaDialect$HibernateConnectionHandle@30304ec3]
2025-04-06T12:38:08.612+03:00 DEBUG 63042 --- [nio-8080-exec-7] org.hibernate.orm.sql.ast.create         : Created new SQL alias : p1_0
2025-04-06T12:38:08.612+03:00 DEBUG 63042 --- [nio-8080-exec-7] org.hibernate.orm.sql.ast.create         : Registration of TableGroup [StandardTableGroup(com.example.springboot.Product(1))] with identifierForTableGroup [com.example.springboot.Product] for NavigablePath [com.example.springboot.Product] 
2025-04-06T12:38:08.615+03:00 DEBUG 63042 --- [nio-8080-exec-7] org.hibernate.orm.results.graph.AST      : DomainResult Graph:
 \-EntityResultImpl [com.example.springboot.Product(1)]
 |  +-BasicFetch [com.example.springboot.Product(1).name]
 |  +-BasicFetch [com.example.springboot.Product(1).price]
 |  +-BasicFetch [com.example.springboot.Product(1).type]
 |  \-BasicFetch [com.example.springboot.Product(1).version]

2025-04-06T12:38:08.615+03:00 DEBUG 63042 --- [nio-8080-exec-7] org.hibernate.orm.sql.ast.tree           : SQL AST Tree:
    SelectStatement {
      FromClause {
        StandardTableGroup (p1 : com.example.springboot.Product(1)) {
          primaryTableReference : product as p1_0
        }
      }
    }

2025-04-06T12:38:08.615+03:00 DEBUG 63042 --- [nio-8080-exec-7] org.hibernate.orm.sql.exec               : Skipping reading Query result cache data: cache-enabled = false, cache-mode = NORMAL
2025-04-06T12:38:08.615+03:00 DEBUG 63042 --- [nio-8080-exec-7] org.hibernate.SQL                        : select p1_0.id,p1_0.name,p1_0.price,p1_0.type,p1_0.version from product p1_0
2025-04-06T12:38:08.616+03:00 DEBUG 63042 --- [nio-8080-exec-7] org.hibernate.orm.results                : Initializer list:
	  com.example.springboot.Product(1) -> EntityJoinedFetchInitializer(com.example.springboot.Product(1))@1029302532 (SingleTableEntityPersister(com.example.springboot.Product))

2025-04-06T12:38:08.616+03:00 DEBUG 63042 --- [nio-8080-exec-7] o.s.orm.jpa.JpaTransactionManager        : Initiating transaction commit
2025-04-06T12:38:08.616+03:00 DEBUG 63042 --- [nio-8080-exec-7] o.s.orm.jpa.JpaTransactionManager        : Committing JPA transaction on EntityManager [SessionImpl(986195379<open>)]
2025-04-06T12:38:08.616+03:00 DEBUG 63042 --- [nio-8080-exec-7] o.h.e.t.internal.TransactionImpl         : committing
2025-04-06T12:38:08.617+03:00 DEBUG 63042 --- [nio-8080-exec-7] o.s.jdbc.datasource.DataSourceUtils      : Resetting read-only flag of JDBC Connection [HikariProxyConnection@873450650 wrapping conn0: url=jdbc:h2:mem:4263c6bd-775c-4b0c-9d1e-814281f93129 user=SA]
2025-04-06T12:38:08.617+03:00 DEBUG 63042 --- [nio-8080-exec-7] o.s.orm.jpa.JpaTransactionManager        : Not closing pre-bound JPA EntityManager after transaction
2025-04-06T12:38:08.617+03:00 DEBUG 63042 --- [nio-8080-exec-7] m.m.a.RequestResponseBodyMethodProcessor : Using 'application/json;charset=utf-8', given [*/*] and supported [application/json;charset=utf-8]
2025-04-06T12:38:08.617+03:00 DEBUG 63042 --- [nio-8080-exec-7] m.m.a.RequestResponseBodyMethodProcessor : Writing [[Product(id=1, name=Burger, type=Aussie with avocade, egg, bacon and beetroot, version=1.0.0, price= (truncated)...]
2025-04-06T12:38:08.617+03:00 DEBUG 63042 --- [    Test worker] org.apache.http.wire                     :  << "HTTP/1.1 200 [\r][\n]"
2025-04-06T12:38:08.617+03:00 DEBUG 63042 --- [nio-8080-exec-7] o.j.s.OpenEntityManagerInViewInterceptor : Closing JPA EntityManager in OpenEntityManagerInViewInterceptor
2025-04-06T12:38:08.617+03:00 DEBUG 63042 --- [    Test worker] org.apache.http.wire                     :  << "Vary: Origin[\r][\n]"
2025-04-06T12:38:08.617+03:00 DEBUG 63042 --- [    Test worker] org.apache.http.wire                     :  << "Vary: Access-Control-Request-Method[\r][\n]"
2025-04-06T12:38:08.617+03:00 DEBUG 63042 --- [    Test worker] org.apache.http.wire                     :  << "Vary: Access-Control-Request-Headers[\r][\n]"
2025-04-06T12:38:08.617+03:00 DEBUG 63042 --- [    Test worker] org.apache.http.wire                     :  << "Content-Type: application/json;charset=utf-8[\r][\n]"
2025-04-06T12:38:08.617+03:00 DEBUG 63042 --- [    Test worker] org.apache.http.wire                     :  << "Transfer-Encoding: chunked[\r][\n]"
2025-04-06T12:38:08.617+03:00 DEBUG 63042 --- [nio-8080-exec-7] o.s.web.servlet.DispatcherServlet        : Completed 200 OK
2025-04-06T12:38:08.617+03:00 DEBUG 63042 --- [    Test worker] org.apache.http.wire                     :  << "Date: Sun, 06 Apr 2025 09:38:08 GMT[\r][\n]"
2025-04-06T12:38:08.617+03:00 DEBUG 63042 --- [    Test worker] org.apache.http.wire                     :  << "Keep-Alive: timeout=60[\r][\n]"
2025-04-06T12:38:08.617+03:00 DEBUG 63042 --- [    Test worker] org.apache.http.wire                     :  << "Connection: keep-alive[\r][\n]"
2025-04-06T12:38:08.617+03:00 DEBUG 63042 --- [    Test worker] org.apache.http.wire                     :  << "[\r][\n]"
2025-04-06T12:38:08.618+03:00 DEBUG 63042 --- [    Test worker] o.a.h.impl.conn.DefaultClientConnection  : Receiving response: HTTP/1.1 200 
2025-04-06T12:38:08.618+03:00 DEBUG 63042 --- [    Test worker] org.apache.http.headers                  : << HTTP/1.1 200 
2025-04-06T12:38:08.618+03:00 DEBUG 63042 --- [    Test worker] org.apache.http.headers                  : << Vary: Origin
2025-04-06T12:38:08.618+03:00 DEBUG 63042 --- [    Test worker] org.apache.http.headers                  : << Vary: Access-Control-Request-Method
2025-04-06T12:38:08.618+03:00 DEBUG 63042 --- [    Test worker] org.apache.http.headers                  : << Vary: Access-Control-Request-Headers
2025-04-06T12:38:08.618+03:00 DEBUG 63042 --- [    Test worker] org.apache.http.headers                  : << Content-Type: application/json;charset=utf-8
2025-04-06T12:38:08.618+03:00 DEBUG 63042 --- [    Test worker] org.apache.http.headers                  : << Transfer-Encoding: chunked
2025-04-06T12:38:08.618+03:00 DEBUG 63042 --- [    Test worker] org.apache.http.headers                  : << Date: Sun, 06 Apr 2025 09:38:08 GMT
2025-04-06T12:38:08.618+03:00 DEBUG 63042 --- [    Test worker] org.apache.http.headers                  : << Keep-Alive: timeout=60
2025-04-06T12:38:08.618+03:00 DEBUG 63042 --- [    Test worker] org.apache.http.headers                  : << Connection: keep-alive
2025-04-06T12:38:08.618+03:00 DEBUG 63042 --- [    Test worker] o.a.http.impl.client.DefaultHttpClient   : Connection can be kept alive for 60000 MILLISECONDS
2025-04-06T12:38:08.618+03:00 DEBUG 63042 --- [    Test worker] i.r.internal.RestAssuredHttpBuilder      : Parsing response as: application/json;charset=utf-8
2025-04-06T12:38:08.618+03:00 DEBUG 63042 --- [    Test worker] i.r.internal.RestAssuredHttpBuilder      : Parsed data to instance of: class org.apache.http.conn.EofSensorInputStream
2025-04-06T12:38:08.618+03:00 DEBUG 63042 --- [    Test worker] org.apache.http.wire                     :  << "11d[\r][\n]"
2025-04-06T12:38:08.618+03:00 DEBUG 63042 --- [    Test worker] org.apache.http.wire                     :  << "[{"id":"1","name":"Burger","type":"Aussie with avocade, egg, bacon and beetroot","version":"1.0.0","price":10.5},{"id":"2","name":"Chips","type":"Sweet potato fries","version":"1.2.3","price":3.49},{"id":"99","name":"new product","type":"product category","version":"v1","price":1.99}]"
2025-04-06T12:38:08.618+03:00 DEBUG 63042 --- [    Test worker] org.apache.http.wire                     :  << "[\r][\n]"
2025-04-06T12:38:08.618+03:00 DEBUG 63042 --- [    Test worker] org.apache.http.wire                     :  << "0[\r][\n]"
2025-04-06T12:38:08.618+03:00 DEBUG 63042 --- [    Test worker] org.apache.http.wire                     :  << "[\r][\n]"
2025-04-06T12:38:08.618+03:00 DEBUG 63042 --- [    Test worker] o.a.h.i.c.BasicClientConnectionManager   : Releasing connection org.apache.http.impl.conn.ManagedClientConnectionImpl@16463f2
2025-04-06T12:38:08.618+03:00 DEBUG 63042 --- [    Test worker] o.a.h.i.c.BasicClientConnectionManager   : Connection can be kept alive for 60000 MILLISECONDS
2025-04-06T12:38:08.622+03:00 DEBUG 63042 --- [    Test worker] org.springframework.test.context.cache   : Spring test ApplicationContext cache statistics: [DefaultContextCache@3f3b0b19 size = 1, maxSize = 32, parentContextCount = 0, hitCount = 71, missCount = 1, failureCount = 0]
2025-04-06T12:38:08.622+03:00 DEBUG 63042 --- [    Test worker] org.springframework.test.context.cache   : Spring test ApplicationContext cache statistics: [DefaultContextCache@3f3b0b19 size = 1, maxSize = 32, parentContextCount = 0, hitCount = 72, missCount = 1, failureCount = 0]
2025-04-06T12:38:08.623+03:00 DEBUG 63042 --- [    Test worker] org.springframework.test.context.cache   : Spring test ApplicationContext cache statistics: [DefaultContextCache@3f3b0b19 size = 1, maxSize = 32, parentContextCount = 0, hitCount = 73, missCount = 1, failureCount = 0]
2025-04-06T12:38:08.623+03:00 DEBUG 63042 --- [    Test worker] org.springframework.test.context.cache   : Spring test ApplicationContext cache statistics: [DefaultContextCache@3f3b0b19 size = 1, maxSize = 32, parentContextCount = 0, hitCount = 74, missCount = 1, failureCount = 0]
2025-04-06T12:38:08.623+03:00 DEBUG 63042 --- [    Test worker] org.springframework.test.context.cache   : Spring test ApplicationContext cache statistics: [DefaultContextCache@3f3b0b19 size = 1, maxSize = 32, parentContextCount = 0, hitCount = 75, missCount = 1, failureCount = 0]
2025-04-06T12:38:08.623+03:00 DEBUG 63042 --- [    Test worker] org.springframework.test.context.cache   : Spring test ApplicationContext cache statistics: [DefaultContextCache@3f3b0b19 size = 1, maxSize = 32, parentContextCount = 0, hitCount = 76, missCount = 1, failureCount = 0]
2025-04-06T12:38:08.623+03:00 DEBUG 63042 --- [    Test worker] org.springframework.test.context.cache   : Spring test ApplicationContext cache statistics: [DefaultContextCache@3f3b0b19 size = 1, maxSize = 32, parentContextCount = 0, hitCount = 77, missCount = 1, failureCount = 0]
2025-04-06T12:38:08.623+03:00 DEBUG 63042 --- [    Test worker] .c.s.DirtiesContextTestExecutionListener : After test method: class [ProductsAPITest], method [testListProducts], class annotated with @DirtiesContext [false] with mode [null], method annotated with @DirtiesContext [false] with mode [null]
2025-04-06T12:38:08.624+03:00 DEBUG 63042 --- [    Test worker] org.springframework.test.context.cache   : Spring test ApplicationContext cache statistics: [DefaultContextCache@3f3b0b19 size = 1, maxSize = 32, parentContextCount = 0, hitCount = 78, missCount = 1, failureCount = 0]
2025-04-06T12:38:08.624+03:00 DEBUG 63042 --- [    Test worker] org.springframework.test.context.cache   : Spring test ApplicationContext cache statistics: [DefaultContextCache@3f3b0b19 size = 1, maxSize = 32, parentContextCount = 0, hitCount = 79, missCount = 1, failureCount = 0]
2025-04-06T12:38:08.624+03:00 DEBUG 63042 --- [    Test worker] .c.s.DirtiesContextTestExecutionListener : After test class: class [ProductsAPITest], class annotated with @DirtiesContext [false] with mode [null]
]]></system-out>
  <system-err><![CDATA[Mockito is currently self-attaching to enable the inline-mock-maker. This will no longer work in future releases of the JDK. Please add Mockito as an agent to your build what is described in Mockito's documentation: https://javadoc.io/doc/org.mockito/mockito-core/latest/org/mockito/Mockito.html#0.3
WARNING: A Java agent has been loaded dynamically (/Users/vanonatobaidze/.gradle/caches/modules-2/files-2.1/net.bytebuddy/byte-buddy-agent/1.15.11/a38b16385e867f59a641330f0362ebe742788ed8/byte-buddy-agent-1.15.11.jar)
WARNING: If a serviceability tool is in use, please run with -XX:+EnableDynamicAgentLoading to hide this warning
WARNING: If a serviceability tool is not in use, please run with -Djdk.instrument.traceUsage for more information
WARNING: Dynamic loading of agents will be disallowed by default in a future release
]]></system-err>
</testsuite>
